<?xml version="1.0" encoding="UTF-8"?>
<testsuites>
  <testsuite name="D:\Documentos\laboratorio soft\agricola-app\phpunit.xml" tests="172" assertions="412" errors="0" failures="26" skipped="0" time="10.365365">
    <testsuite name="Feature" tests="172" assertions="412" errors="0" failures="26" skipped="0" time="10.365365">
      <testsuite name="Tests\Feature\ClienteTest" file="D:\Documentos\laboratorio soft\agricola-app\tests\Feature\ClienteTest.php" tests="6" assertions="15" errors="0" failures="0" skipped="0" time="0.659343">
        <testcase name="test_puede_crear_un_cliente_con_nombre_contacto_y_canal" file="D:\Documentos\laboratorio soft\agricola-app\tests\Feature\ClienteTest.php" line="14" class="Tests\Feature\ClienteTest" classname="Tests.Feature.ClienteTest" assertions="3" time="0.495464"/>
        <testcase name="test_puede_consultar_todos_los_clientes" file="D:\Documentos\laboratorio soft\agricola-app\tests\Feature\ClienteTest.php" line="30" class="Tests\Feature\ClienteTest" classname="Tests.Feature.ClienteTest" assertions="2" time="0.059153"/>
        <testcase name="test_puede_actualizar_datos_de_un_cliente" file="D:\Documentos\laboratorio soft\agricola-app\tests\Feature\ClienteTest.php" line="40" class="Tests\Feature\ClienteTest" classname="Tests.Feature.ClienteTest" assertions="3" time="0.028666"/>
        <testcase name="test_no_puede_eliminar_cliente_con_pedidos_asociados" file="D:\Documentos\laboratorio soft\agricola-app\tests\Feature\ClienteTest.php" line="56" class="Tests\Feature\ClienteTest" classname="Tests.Feature.ClienteTest" assertions="2" time="0.027517"/>
        <testcase name="test_valida_que_nombre_es_obligatorio" file="D:\Documentos\laboratorio soft\agricola-app\tests\Feature\ClienteTest.php" line="67" class="Tests\Feature\ClienteTest" classname="Tests.Feature.ClienteTest" assertions="2" time="0.025755"/>
        <testcase name="test_cliente_tiene_relacion_con_pedidos" file="D:\Documentos\laboratorio soft\agricola-app\tests\Feature\ClienteTest.php" line="76" class="Tests\Feature\ClienteTest" classname="Tests.Feature.ClienteTest" assertions="3" time="0.022788"/>
      </testsuite>
      <testsuite name="Tests\Feature\FacturaTest" file="D:\Documentos\laboratorio soft\agricola-app\tests\Feature\FacturaTest.php" tests="4" assertions="6" errors="0" failures="0" skipped="0" time="0.106631">
        <testcase name="test_puede_crear_una_factura_asociada_a_un_pedido" file="D:\Documentos\laboratorio soft\agricola-app\tests\Feature\FacturaTest.php" line="15" class="Tests\Feature\FacturaTest" classname="Tests.Feature.FacturaTest" assertions="1" time="0.026606"/>
        <testcase name="test_numero_factura_es_unico" file="D:\Documentos\laboratorio soft\agricola-app\tests\Feature\FacturaTest.php" line="33" class="Tests\Feature\FacturaTest" classname="Tests.Feature.FacturaTest" assertions="1" time="0.027327"/>
        <testcase name="test_factura_pertenece_a_un_pedido" file="D:\Documentos\laboratorio soft\agricola-app\tests\Feature\FacturaTest.php" line="54" class="Tests\Feature\FacturaTest" classname="Tests.Feature.FacturaTest" assertions="2" time="0.026237"/>
        <testcase name="test_factura_puede_tener_pagos_asociados" file="D:\Documentos\laboratorio soft\agricola-app\tests\Feature\FacturaTest.php" line="63" class="Tests\Feature\FacturaTest" classname="Tests.Feature.FacturaTest" assertions="2" time="0.026461"/>
      </testsuite>
      <testsuite name="Tests\Feature\GestionCultivoModuleTest" file="D:\Documentos\laboratorio soft\agricola-app\tests\Feature\GestionCultivoModuleTest.php" tests="52" assertions="121" errors="0" failures="12" skipped="0" time="3.512960">
        <testcase name="test_puede_ver_listado_de_parcelas" file="D:\Documentos\laboratorio soft\agricola-app\tests\Feature\GestionCultivoModuleTest.php" line="26" class="Tests\Feature\GestionCultivoModuleTest" classname="Tests.Feature.GestionCultivoModuleTest" assertions="2" time="0.029957"/>
        <testcase name="test_puede_ver_formulario_creacion_parcela" file="D:\Documentos\laboratorio soft\agricola-app\tests\Feature\GestionCultivoModuleTest.php" line="36" class="Tests\Feature\GestionCultivoModuleTest" classname="Tests.Feature.GestionCultivoModuleTest" assertions="1" time="0.026243"/>
        <testcase name="test_puede_crear_parcela" file="D:\Documentos\laboratorio soft\agricola-app\tests\Feature\GestionCultivoModuleTest.php" line="42" class="Tests\Feature\GestionCultivoModuleTest" classname="Tests.Feature.GestionCultivoModuleTest" assertions="3" time="0.026833"/>
        <testcase name="test_puede_ver_detalle_parcela" file="D:\Documentos\laboratorio soft\agricola-app\tests\Feature\GestionCultivoModuleTest.php" line="59" class="Tests\Feature\GestionCultivoModuleTest" classname="Tests.Feature.GestionCultivoModuleTest" assertions="2" time="0.029759"/>
        <testcase name="test_puede_ver_formulario_edicion_parcela" file="D:\Documentos\laboratorio soft\agricola-app\tests\Feature\GestionCultivoModuleTest.php" line="69" class="Tests\Feature\GestionCultivoModuleTest" classname="Tests.Feature.GestionCultivoModuleTest" assertions="2" time="0.028562"/>
        <testcase name="test_puede_actualizar_parcela" file="D:\Documentos\laboratorio soft\agricola-app\tests\Feature\GestionCultivoModuleTest.php" line="79" class="Tests\Feature\GestionCultivoModuleTest" classname="Tests.Feature.GestionCultivoModuleTest" assertions="3" time="0.026613"/>
        <testcase name="test_puede_eliminar_parcela_sin_cultivos" file="D:\Documentos\laboratorio soft\agricola-app\tests\Feature\GestionCultivoModuleTest.php" line="94" class="Tests\Feature\GestionCultivoModuleTest" classname="Tests.Feature.GestionCultivoModuleTest" assertions="3" time="0.024594"/>
        <testcase name="test_no_puede_eliminar_parcela_con_cultivos_asociados" file="D:\Documentos\laboratorio soft\agricola-app\tests\Feature\GestionCultivoModuleTest.php" line="104" class="Tests\Feature\GestionCultivoModuleTest" classname="Tests.Feature.GestionCultivoModuleTest" assertions="2" time="0.028883"/>
        <testcase name="test_valida_campos_requeridos_parcela" file="D:\Documentos\laboratorio soft\agricola-app\tests\Feature\GestionCultivoModuleTest.php" line="115" class="Tests\Feature\GestionCultivoModuleTest" classname="Tests.Feature.GestionCultivoModuleTest" assertions="3" time="0.024407"/>
        <testcase name="test_puede_ver_listado_de_cultivos" file="D:\Documentos\laboratorio soft\agricola-app\tests\Feature\GestionCultivoModuleTest.php" line="129" class="Tests\Feature\GestionCultivoModuleTest" classname="Tests.Feature.GestionCultivoModuleTest" assertions="2" time="0.037445"/>
        <testcase name="test_puede_crear_cultivo" file="D:\Documentos\laboratorio soft\agricola-app\tests\Feature\GestionCultivoModuleTest.php" line="140" class="Tests\Feature\GestionCultivoModuleTest" classname="Tests.Feature.GestionCultivoModuleTest" assertions="3" time="0.029886"/>
        <testcase name="test_puede_ver_detalle_cultivo" file="D:\Documentos\laboratorio soft\agricola-app\tests\Feature\GestionCultivoModuleTest.php" line="158" class="Tests\Feature\GestionCultivoModuleTest" classname="Tests.Feature.GestionCultivoModuleTest" assertions="2" time="0.039176"/>
        <testcase name="test_puede_actualizar_cultivo" file="D:\Documentos\laboratorio soft\agricola-app\tests\Feature\GestionCultivoModuleTest.php" line="168" class="Tests\Feature\GestionCultivoModuleTest" classname="Tests.Feature.GestionCultivoModuleTest" assertions="3" time="0.029139"/>
        <testcase name="test_no_puede_eliminar_cultivo_con_etapas_asociadas" file="D:\Documentos\laboratorio soft\agricola-app\tests\Feature\GestionCultivoModuleTest.php" line="186" class="Tests\Feature\GestionCultivoModuleTest" classname="Tests.Feature.GestionCultivoModuleTest" assertions="2" time="0.025548"/>
        <testcase name="test_no_puede_eliminar_cultivo_con_labores_asociadas" file="D:\Documentos\laboratorio soft\agricola-app\tests\Feature\GestionCultivoModuleTest.php" line="201" class="Tests\Feature\GestionCultivoModuleTest" classname="Tests.Feature.GestionCultivoModuleTest" assertions="2" time="0.029039"/>
        <testcase name="test_puede_eliminar_cultivo_sin_relaciones" file="D:\Documentos\laboratorio soft\agricola-app\tests\Feature\GestionCultivoModuleTest.php" line="218" class="Tests\Feature\GestionCultivoModuleTest" classname="Tests.Feature.GestionCultivoModuleTest" assertions="3" time="0.028217"/>
        <testcase name="test_valida_campos_requeridos_cultivo" file="D:\Documentos\laboratorio soft\agricola-app\tests\Feature\GestionCultivoModuleTest.php" line="228" class="Tests\Feature\GestionCultivoModuleTest" classname="Tests.Feature.GestionCultivoModuleTest" assertions="3" time="0.026655"/>
        <testcase name="test_cultivo_pertenece_a_parcela" file="D:\Documentos\laboratorio soft\agricola-app\tests\Feature\GestionCultivoModuleTest.php" line="238" class="Tests\Feature\GestionCultivoModuleTest" classname="Tests.Feature.GestionCultivoModuleTest" assertions="2" time="0.022204"/>
        <testcase name="test_puede_ver_listado_de_sistemas_riego" file="D:\Documentos\laboratorio soft\agricola-app\tests\Feature\GestionCultivoModuleTest.php" line="251" class="Tests\Feature\GestionCultivoModuleTest" classname="Tests.Feature.GestionCultivoModuleTest" assertions="2" time="0.031297">
          <failure type="PHPUnit\Framework\ExpectationFailedException">Tests\Feature\GestionCultivoModuleTest::test_puede_ver_listado_de_sistemas_riego&#13;
Failed asserting that the data contains the key [sistemas_riego].
Failed asserting that false is true.
&#13;
D:\Documentos\laboratorio soft\agricola-app\vendor\laravel\framework\src\Illuminate\Testing\TestResponseAssert.php:45
D:\Documentos\laboratorio soft\agricola-app\vendor\laravel\framework\src\Illuminate\Testing\TestResponse.php:1327
D:\Documentos\laboratorio soft\agricola-app\tests\Feature\GestionCultivoModuleTest.php:258</failure>
        </testcase>
        <testcase name="test_puede_crear_sistema_riego" file="D:\Documentos\laboratorio soft\agricola-app\tests\Feature\GestionCultivoModuleTest.php" line="261" class="Tests\Feature\GestionCultivoModuleTest" classname="Tests.Feature.GestionCultivoModuleTest" assertions="3" time="0.023410"/>
        <testcase name="test_no_puede_eliminar_sistema_riego_con_cultivos_asociados" file="D:\Documentos\laboratorio soft\agricola-app\tests\Feature\GestionCultivoModuleTest.php" line="274" class="Tests\Feature\GestionCultivoModuleTest" classname="Tests.Feature.GestionCultivoModuleTest" assertions="1" time="0.027522">
          <failure type="PHPUnit\Framework\ExpectationFailedException">Tests\Feature\GestionCultivoModuleTest::test_no_puede_eliminar_sistema_riego_con_cultivos_asociados&#13;
Session is missing expected key [error].
Failed asserting that false is true.
&#13;
D:\Documentos\laboratorio soft\agricola-app\vendor\laravel\framework\src\Illuminate\Testing\TestResponseAssert.php:45
D:\Documentos\laboratorio soft\agricola-app\vendor\laravel\framework\src\Illuminate\Testing\TestResponse.php:1568
D:\Documentos\laboratorio soft\agricola-app\tests\Feature\GestionCultivoModuleTest.php:282</failure>
        </testcase>
        <testcase name="test_sistema_riego_puede_tener_cultivos" file="D:\Documentos\laboratorio soft\agricola-app\tests\Feature\GestionCultivoModuleTest.php" line="286" class="Tests\Feature\GestionCultivoModuleTest" classname="Tests.Feature.GestionCultivoModuleTest" assertions="1" time="0.026731"/>
        <testcase name="test_puede_ver_listado_de_fertilizantes" file="D:\Documentos\laboratorio soft\agricola-app\tests\Feature\GestionCultivoModuleTest.php" line="301" class="Tests\Feature\GestionCultivoModuleTest" classname="Tests.Feature.GestionCultivoModuleTest" assertions="1" time="0.037880"/>
        <testcase name="test_puede_crear_fertilizante" file="D:\Documentos\laboratorio soft\agricola-app\tests\Feature\GestionCultivoModuleTest.php" line="312" class="Tests\Feature\GestionCultivoModuleTest" classname="Tests.Feature.GestionCultivoModuleTest" assertions="3" time="0.027084"/>
        <testcase name="test_no_puede_eliminar_fertilizante_con_cultivos_asociados" file="D:\Documentos\laboratorio soft\agricola-app\tests\Feature\GestionCultivoModuleTest.php" line="326" class="Tests\Feature\GestionCultivoModuleTest" classname="Tests.Feature.GestionCultivoModuleTest" assertions="2" time="0.028421"/>
        <testcase name="test_fertilizante_puede_tener_cultivos" file="D:\Documentos\laboratorio soft\agricola-app\tests\Feature\GestionCultivoModuleTest.php" line="341" class="Tests\Feature\GestionCultivoModuleTest" classname="Tests.Feature.GestionCultivoModuleTest" assertions="1" time="0.025163"/>
        <testcase name="test_puede_ver_listado_de_planes_cultivo" file="D:\Documentos\laboratorio soft\agricola-app\tests\Feature\GestionCultivoModuleTest.php" line="359" class="Tests\Feature\GestionCultivoModuleTest" classname="Tests.Feature.GestionCultivoModuleTest" assertions="1" time="0.034189"/>
        <testcase name="test_puede_crear_plan_cultivo" file="D:\Documentos\laboratorio soft\agricola-app\tests\Feature\GestionCultivoModuleTest.php" line="369" class="Tests\Feature\GestionCultivoModuleTest" classname="Tests.Feature.GestionCultivoModuleTest" assertions="3" time="0.030839"/>
        <testcase name="test_valida_fecha_fin_prevista_posterior_a_fecha_inicio_en_plan_cultivo" file="D:\Documentos\laboratorio soft\agricola-app\tests\Feature\GestionCultivoModuleTest.php" line="387" class="Tests\Feature\GestionCultivoModuleTest" classname="Tests.Feature.GestionCultivoModuleTest" assertions="2" time="0.033806"/>
        <testcase name="test_puede_actualizar_plan_cultivo" file="D:\Documentos\laboratorio soft\agricola-app\tests\Feature\GestionCultivoModuleTest.php" line="400" class="Tests\Feature\GestionCultivoModuleTest" classname="Tests.Feature.GestionCultivoModuleTest" assertions="3" time="0.030211">
          <failure type="PHPUnit\Framework\ExpectationFailedException">Tests\Feature\GestionCultivoModuleTest::test_puede_actualizar_plan_cultivo&#13;
Failed asserting that '6059.30' matches expected 8000.0.
&#13;
D:\Documentos\laboratorio soft\agricola-app\tests\Feature\GestionCultivoModuleTest.php:413</failure>
        </testcase>
        <testcase name="test_puede_eliminar_plan_cultivo" file="D:\Documentos\laboratorio soft\agricola-app\tests\Feature\GestionCultivoModuleTest.php" line="416" class="Tests\Feature\GestionCultivoModuleTest" classname="Tests.Feature.GestionCultivoModuleTest" assertions="3" time="0.026940">
          <failure type="PHPUnit\Framework\ExpectationFailedException">Tests\Feature\GestionCultivoModuleTest::test_puede_eliminar_plan_cultivo&#13;
Failed asserting that a row in the table [plan_cultivos] does not match the attributes {
    "id": 1
}.

Found similar results: [
    {
        "id": 1
    }
].
&#13;
D:\Documentos\laboratorio soft\agricola-app\vendor\laravel\framework\src\Illuminate\Foundation\Testing\Concerns\InteractsWithDatabase.php:95
D:\Documentos\laboratorio soft\agricola-app\tests\Feature\GestionCultivoModuleTest.php:424</failure>
        </testcase>
        <testcase name="test_puede_ver_listado_de_etapas_fenologicas" file="D:\Documentos\laboratorio soft\agricola-app\tests\Feature\GestionCultivoModuleTest.php" line="431" class="Tests\Feature\GestionCultivoModuleTest" classname="Tests.Feature.GestionCultivoModuleTest" assertions="1" time="0.032569"/>
        <testcase name="test_puede_crear_etapa_fenologica" file="D:\Documentos\laboratorio soft\agricola-app\tests\Feature\GestionCultivoModuleTest.php" line="441" class="Tests\Feature\GestionCultivoModuleTest" classname="Tests.Feature.GestionCultivoModuleTest" assertions="3" time="0.026930"/>
        <testcase name="test_no_puede_eliminar_etapa_con_planes_fertilizacion_asociados" file="D:\Documentos\laboratorio soft\agricola-app\tests\Feature\GestionCultivoModuleTest.php" line="459" class="Tests\Feature\GestionCultivoModuleTest" classname="Tests.Feature.GestionCultivoModuleTest" assertions="1" time="0.028216">
          <failure type="PHPUnit\Framework\ExpectationFailedException">Tests\Feature\GestionCultivoModuleTest::test_no_puede_eliminar_etapa_con_planes_fertilizacion_asociados&#13;
Session is missing expected key [error].
Failed asserting that false is true.
&#13;
D:\Documentos\laboratorio soft\agricola-app\vendor\laravel\framework\src\Illuminate\Testing\TestResponseAssert.php:45
D:\Documentos\laboratorio soft\agricola-app\vendor\laravel\framework\src\Illuminate\Testing\TestResponse.php:1568
D:\Documentos\laboratorio soft\agricola-app\tests\Feature\GestionCultivoModuleTest.php:474</failure>
        </testcase>
        <testcase name="test_etapa_fenologica_pertenece_a_cultivo" file="D:\Documentos\laboratorio soft\agricola-app\tests\Feature\GestionCultivoModuleTest.php" line="478" class="Tests\Feature\GestionCultivoModuleTest" classname="Tests.Feature.GestionCultivoModuleTest" assertions="2" time="0.026724"/>
        <testcase name="test_puede_ver_listado_de_labores_agricolas" file="D:\Documentos\laboratorio soft\agricola-app\tests\Feature\GestionCultivoModuleTest.php" line="491" class="Tests\Feature\GestionCultivoModuleTest" classname="Tests.Feature.GestionCultivoModuleTest" assertions="2" time="0.037267"/>
        <testcase name="test_puede_crear_labor_agricola" file="D:\Documentos\laboratorio soft\agricola-app\tests\Feature\GestionCultivoModuleTest.php" line="508" class="Tests\Feature\GestionCultivoModuleTest" classname="Tests.Feature.GestionCultivoModuleTest" assertions="3" time="0.029758"/>
        <testcase name="test_puede_actualizar_labor_agricola" file="D:\Documentos\laboratorio soft\agricola-app\tests\Feature\GestionCultivoModuleTest.php" line="529" class="Tests\Feature\GestionCultivoModuleTest" classname="Tests.Feature.GestionCultivoModuleTest" assertions="3" time="0.028863">
          <failure type="PHPUnit\Framework\ExpectationFailedException">Tests\Feature\GestionCultivoModuleTest::test_puede_actualizar_labor_agricola&#13;
Failed asserting that two strings are equal.
--- Expected
+++ Actual
@@ @@
-'Fertilización'
+'Riego'
&#13;
D:\Documentos\laboratorio soft\agricola-app\tests\Feature\GestionCultivoModuleTest.php:549</failure>
        </testcase>
        <testcase name="test_puede_eliminar_labor_agricola" file="D:\Documentos\laboratorio soft\agricola-app\tests\Feature\GestionCultivoModuleTest.php" line="552" class="Tests\Feature\GestionCultivoModuleTest" classname="Tests.Feature.GestionCultivoModuleTest" assertions="3" time="0.027995">
          <failure type="PHPUnit\Framework\ExpectationFailedException">Tests\Feature\GestionCultivoModuleTest::test_puede_eliminar_labor_agricola&#13;
Failed asserting that a row in the table [labor_agricolas] does not match the attributes {
    "id": 1
}.

Found similar results: [
    {
        "id": 1
    }
].
&#13;
D:\Documentos\laboratorio soft\agricola-app\vendor\laravel\framework\src\Illuminate\Foundation\Testing\Concerns\InteractsWithDatabase.php:95
D:\Documentos\laboratorio soft\agricola-app\tests\Feature\GestionCultivoModuleTest.php:566</failure>
        </testcase>
        <testcase name="test_labor_agricola_pertenece_a_cultivo_y_empleado" file="D:\Documentos\laboratorio soft\agricola-app\tests\Feature\GestionCultivoModuleTest.php" line="569" class="Tests\Feature\GestionCultivoModuleTest" classname="Tests.Feature.GestionCultivoModuleTest" assertions="4" time="0.025234"/>
        <testcase name="test_puede_ver_listado_de_planes_fertilizacion" file="D:\Documentos\laboratorio soft\agricola-app\tests\Feature\GestionCultivoModuleTest.php" line="590" class="Tests\Feature\GestionCultivoModuleTest" classname="Tests.Feature.GestionCultivoModuleTest" assertions="1" time="0.028749"/>
        <testcase name="test_puede_crear_plan_fertilizacion" file="D:\Documentos\laboratorio soft\agricola-app\tests\Feature\GestionCultivoModuleTest.php" line="600" class="Tests\Feature\GestionCultivoModuleTest" classname="Tests.Feature.GestionCultivoModuleTest" assertions="1" time="1.136652">
          <failure type="PHPUnit\Framework\ExpectationFailedException">Tests\Feature\GestionCultivoModuleTest::test_puede_crear_plan_fertilizacion&#13;
Expected response status code [201, 301, 302, 303, 307, 308] but received 500.
Failed asserting that false is true.&#13;
&#13;
The following exception occurred during the last request:

PDOException: SQLSTATE[HY000]: General error: 1 no such table: insumo_agricolas in D:\Documentos\laboratorio soft\agricola-app\vendor\laravel\framework\src\Illuminate\Database\Connection.php:421
Stack trace:
#0 D:\Documentos\laboratorio soft\agricola-app\vendor\laravel\framework\src\Illuminate\Database\Connection.php(421): PDO-&gt;prepare()
#1 D:\Documentos\laboratorio soft\agricola-app\vendor\laravel\framework\src\Illuminate\Database\Connection.php(830): Illuminate\Database\Connection-&gt;{closure:Illuminate\Database\Connection::select():412}()
#2 D:\Documentos\laboratorio soft\agricola-app\vendor\laravel\framework\src\Illuminate\Database\Connection.php(797): Illuminate\Database\Connection-&gt;runQueryCallback()
#3 D:\Documentos\laboratorio soft\agricola-app\vendor\laravel\framework\src\Illuminate\Database\Connection.php(412): Illuminate\Database\Connection-&gt;run()
#4 D:\Documentos\laboratorio soft\agricola-app\vendor\laravel\framework\src\Illuminate\Database\Query\Builder.php(3567): Illuminate\Database\Connection-&gt;select()
#5 D:\Documentos\laboratorio soft\agricola-app\vendor\laravel\framework\src\Illuminate\Database\Query\Builder.php(3551): Illuminate\Database\Query\Builder-&gt;runSelect()
#6 D:\Documentos\laboratorio soft\agricola-app\vendor\laravel\framework\src\Illuminate\Database\Query\Builder.php(4067): Illuminate\Database\Query\Builder-&gt;get()
#7 D:\Documentos\laboratorio soft\agricola-app\vendor\laravel\framework\src\Illuminate\Database\Query\Builder.php(3995): Illuminate\Database\Query\Builder-&gt;aggregate()
#8 D:\Documentos\laboratorio soft\agricola-app\vendor\laravel\framework\src\Illuminate\Validation\DatabasePresenceVerifier.php(53): Illuminate\Database\Query\Builder-&gt;count()
#9 D:\Documentos\laboratorio soft\agricola-app\vendor\laravel\framework\src\Illuminate\Validation\Concerns\ValidatesAttributes.php(1044): Illuminate\Validation\DatabasePresenceVerifier-&gt;getCount()
#10 D:\Documentos\laboratorio soft\agricola-app\vendor\laravel\framework\src\Illuminate\Validation\Concerns\ValidatesAttributes.php(1015): Illuminate\Validation\Validator-&gt;getExistCount()
#11 D:\Documentos\laboratorio soft\agricola-app\vendor\laravel\framework\src\Illuminate\Validation\Validator.php(728): Illuminate\Validation\Validator-&gt;validateExists()
#12 D:\Documentos\laboratorio soft\agricola-app\vendor\laravel\framework\src\Illuminate\Validation\Validator.php(481): Illuminate\Validation\Validator-&gt;validateAttribute()
#13 D:\Documentos\laboratorio soft\agricola-app\vendor\laravel\framework\src\Illuminate\Validation\Validator.php(516): Illuminate\Validation\Validator-&gt;passes()
#14 D:\Documentos\laboratorio soft\agricola-app\vendor\laravel\framework\src\Illuminate\Validation\Validator.php(598): Illuminate\Validation\Validator-&gt;fails()
#15 D:\Documentos\laboratorio soft\agricola-app\vendor\laravel\framework\src\Illuminate\Foundation\Providers\FoundationServiceProvider.php(158): Illuminate\Validation\Validator-&gt;validate()
#16 D:\Documentos\laboratorio soft\agricola-app\vendor\laravel\framework\src\Illuminate\Macroable\Traits\Macroable.php(132): Illuminate\Http\Request-&gt;{closure:Illuminate\Foundation\Providers\FoundationServiceProvider::registerRequestValidation():150}()
#17 D:\Documentos\laboratorio soft\agricola-app\app\Http\Controllers\PlanFertilizacionController.php(29): Illuminate\Http\Request-&gt;__call()
#18 D:\Documentos\laboratorio soft\agricola-app\vendor\laravel\framework\src\Illuminate\Routing\ControllerDispatcher.php(46): App\Http\Controllers\PlanFertilizacionController-&gt;store()
#19 D:\Documentos\laboratorio soft\agricola-app\vendor\laravel\framework\src\Illuminate\Routing\Route.php(269): Illuminate\Routing\ControllerDispatcher-&gt;dispatch()
#20 D:\Documentos\laboratorio soft\agricola-app\vendor\laravel\framework\src\Illuminate\Routing\Route.php(215): Illuminate\Routing\Route-&gt;runController()
#21 D:\Documentos\laboratorio soft\agricola-app\vendor\laravel\framework\src\Illuminate\Routing\Router.php(822): Illuminate\Routing\Route-&gt;run()
#22 D:\Documentos\laboratorio soft\agricola-app\vendor\laravel\framework\src\Illuminate\Pipeline\Pipeline.php(180): Illuminate\Routing\Router-&gt;{closure:Illuminate\Routing\Router::runRouteWithinStack():821}()
#23 D:\Documentos\laboratorio soft\agricola-app\vendor\laravel\framework\src\Illuminate\Routing\Middleware\SubstituteBindings.php(52): Illuminate\Pipeline\Pipeline-&gt;{closure:Illuminate\Pipeline\Pipeline::prepareDestination():178}()
#24 D:\Documentos\laboratorio soft\agricola-app\vendor\laravel\framework\src\Illuminate\Pipeline\Pipeline.php(219): Illuminate\Routing\Middleware\SubstituteBindings-&gt;handle()
#25 D:\Documentos\laboratorio soft\agricola-app\vendor\laravel\framework\src\Illuminate\Foundation\Http\Middleware\PreventRequestForgery.php(104): Illuminate\Pipeline\Pipeline-&gt;{closure:{closure:Illuminate\Pipeline\Pipeline::carry():194}:195}()
#26 D:\Documentos\laboratorio soft\agricola-app\vendor\laravel\framework\src\Illuminate\Pipeline\Pipeline.php(219): Illuminate\Foundation\Http\Middleware\PreventRequestForgery-&gt;handle()
#27 D:\Documentos\laboratorio soft\agricola-app\vendor\laravel\framework\src\Illuminate\View\Middleware\ShareErrorsFromSession.php(48): Illuminate\Pipeline\Pipeline-&gt;{closure:{closure:Illuminate\Pipeline\Pipeline::carry():194}:195}()
#28 D:\Documentos\laboratorio soft\agricola-app\vendor\laravel\framework\src\Illuminate\Pipeline\Pipeline.php(219): Illuminate\View\Middleware\ShareErrorsFromSession-&gt;handle()
#29 D:\Documentos\laboratorio soft\agricola-app\vendor\laravel\framework\src\Illuminate\Session\Middleware\StartSession.php(120): Illuminate\Pipeline\Pipeline-&gt;{closure:{closure:Illuminate\Pipeline\Pipeline::carry():194}:195}()
#30 D:\Documentos\laboratorio soft\agricola-app\vendor\laravel\framework\src\Illuminate\Session\Middleware\StartSession.php(63): Illuminate\Session\Middleware\StartSession-&gt;handleStatefulRequest()
#31 D:\Documentos\laboratorio soft\agricola-app\vendor\laravel\framework\src\Illuminate\Pipeline\Pipeline.php(219): Illuminate\Session\Middleware\StartSession-&gt;handle()
#32 D:\Documentos\laboratorio soft\agricola-app\vendor\laravel\framework\src\Illuminate\Cookie\Middleware\AddQueuedCookiesToResponse.php(36): Illuminate\Pipeline\Pipeline-&gt;{closure:{closure:Illuminate\Pipeline\Pipeline::carry():194}:195}()
#33 D:\Documentos\laboratorio soft\agricola-app\vendor\laravel\framework\src\Illuminate\Pipeline\Pipeline.php(219): Illuminate\Cookie\Middleware\AddQueuedCookiesToResponse-&gt;handle()
#34 D:\Documentos\laboratorio soft\agricola-app\vendor\laravel\framework\src\Illuminate\Cookie\Middleware\EncryptCookies.php(74): Illuminate\Pipeline\Pipeline-&gt;{closure:{closure:Illuminate\Pipeline\Pipeline::carry():194}:195}()
#35 D:\Documentos\laboratorio soft\agricola-app\vendor\laravel\framework\src\Illuminate\Pipeline\Pipeline.php(219): Illuminate\Cookie\Middleware\EncryptCookies-&gt;handle()
#36 D:\Documentos\laboratorio soft\agricola-app\vendor\laravel\framework\src\Illuminate\Pipeline\Pipeline.php(137): Illuminate\Pipeline\Pipeline-&gt;{closure:{closure:Illuminate\Pipeline\Pipeline::carry():194}:195}()
#37 D:\Documentos\laboratorio soft\agricola-app\vendor\laravel\framework\src\Illuminate\Routing\Router.php(821): Illuminate\Pipeline\Pipeline-&gt;then()
#38 D:\Documentos\laboratorio soft\agricola-app\vendor\laravel\framework\src\Illuminate\Routing\Router.php(800): Illuminate\Routing\Router-&gt;runRouteWithinStack()
#39 D:\Documentos\laboratorio soft\agricola-app\vendor\laravel\framework\src\Illuminate\Routing\Router.php(764): Illuminate\Routing\Router-&gt;runRoute()
#40 D:\Documentos\laboratorio soft\agricola-app\vendor\laravel\framework\src\Illuminate\Routing\Router.php(753): Illuminate\Routing\Router-&gt;dispatchToRoute()
#41 D:\Documentos\laboratorio soft\agricola-app\vendor\laravel\framework\src\Illuminate\Foundation\Http\Kernel.php(200): Illuminate\Routing\Router-&gt;dispatch()
#42 D:\Documentos\laboratorio soft\agricola-app\vendor\laravel\framework\src\Illuminate\Pipeline\Pipeline.php(180): Illuminate\Foundation\Http\Kernel-&gt;{closure:Illuminate\Foundation\Http\Kernel::dispatchToRouter():197}()
#43 D:\Documentos\laboratorio soft\agricola-app\vendor\laravel\framework\src\Illuminate\Foundation\Http\Middleware\TransformsRequest.php(21): Illuminate\Pipeline\Pipeline-&gt;{closure:Illuminate\Pipeline\Pipeline::prepareDestination():178}()
#44 D:\Documentos\laboratorio soft\agricola-app\vendor\laravel\framework\src\Illuminate\Foundation\Http\Middleware\ConvertEmptyStringsToNull.php(31): Illuminate\Foundation\Http\Middleware\TransformsRequest-&gt;handle()
#45 D:\Documentos\laboratorio soft\agricola-app\vendor\laravel\framework\src\Illuminate\Pipeline\Pipeline.php(219): Illuminate\Foundation\Http\Middleware\ConvertEmptyStringsToNull-&gt;handle()
#46 D:\Documentos\laboratorio soft\agricola-app\vendor\laravel\framework\src\Illuminate\Foundation\Http\Middleware\TransformsRequest.php(21): Illuminate\Pipeline\Pipeline-&gt;{closure:{closure:Illuminate\Pipeline\Pipeline::carry():194}:195}()
#47 D:\Documentos\laboratorio soft\agricola-app\vendor\laravel\framework\src\Illuminate\Foundation\Http\Middleware\TrimStrings.php(51): Illuminate\Foundation\Http\Middleware\TransformsRequest-&gt;handle()
#48 D:\Documentos\laboratorio soft\agricola-app\vendor\laravel\framework\src\Illuminate\Pipeline\Pipeline.php(219): Illuminate\Foundation\Http\Middleware\TrimStrings-&gt;handle()
#49 D:\Documentos\laboratorio soft\agricola-app\vendor\laravel\framework\src\Illuminate\Http\Middleware\ValidatePostSize.php(27): Illuminate\Pipeline\Pipeline-&gt;{closure:{closure:Illuminate\Pipeline\Pipeline::carry():194}:195}()
#50 D:\Documentos\laboratorio soft\agricola-app\vendor\laravel\framework\src\Illuminate\Pipeline\Pipeline.php(219): Illuminate\Http\Middleware\ValidatePostSize-&gt;handle()
#51 D:\Documentos\laboratorio soft\agricola-app\vendor\laravel\framework\src\Illuminate\Foundation\Http\Middleware\PreventRequestsDuringMaintenance.php(109): Illuminate\Pipeline\Pipeline-&gt;{closure:{closure:Illuminate\Pipeline\Pipeline::carry():194}:195}()
#52 D:\Documentos\laboratorio soft\agricola-app\vendor\laravel\framework\src\Illuminate\Pipeline\Pipeline.php(219): Illuminate\Foundation\Http\Middleware\PreventRequestsDuringMaintenance-&gt;handle()
#53 D:\Documentos\laboratorio soft\agricola-app\vendor\laravel\framework\src\Illuminate\Http\Middleware\HandleCors.php(61): Illuminate\Pipeline\Pipeline-&gt;{closure:{closure:Illuminate\Pipeline\Pipeline::carry():194}:195}()
#54 D:\Documentos\laboratorio soft\agricola-app\vendor\laravel\framework\src\Illuminate\Pipeline\Pipeline.php(219): Illuminate\Http\Middleware\HandleCors-&gt;handle()
#55 D:\Documentos\laboratorio soft\agricola-app\vendor\laravel\framework\src\Illuminate\Http\Middleware\TrustProxies.php(58): Illuminate\Pipeline\Pipeline-&gt;{closure:{closure:Illuminate\Pipeline\Pipeline::carry():194}:195}()
#56 D:\Documentos\laboratorio soft\agricola-app\vendor\laravel\framework\src\Illuminate\Pipeline\Pipeline.php(219): Illuminate\Http\Middleware\TrustProxies-&gt;handle()
#57 D:\Documentos\laboratorio soft\agricola-app\vendor\laravel\framework\src\Illuminate\Foundation\Http\Middleware\InvokeDeferredCallbacks.php(22): Illuminate\Pipeline\Pipeline-&gt;{closure:{closure:Illuminate\Pipeline\Pipeline::carry():194}:195}()
#58 D:\Documentos\laboratorio soft\agricola-app\vendor\laravel\framework\src\Illuminate\Pipeline\Pipeline.php(219): Illuminate\Foundation\Http\Middleware\InvokeDeferredCallbacks-&gt;handle()
#59 D:\Documentos\laboratorio soft\agricola-app\vendor\laravel\framework\src\Illuminate\Http\Middleware\ValidatePathEncoding.php(28): Illuminate\Pipeline\Pipeline-&gt;{closure:{closure:Illuminate\Pipeline\Pipeline::carry():194}:195}()
#60 D:\Documentos\laboratorio soft\agricola-app\vendor\laravel\framework\src\Illuminate\Pipeline\Pipeline.php(219): Illuminate\Http\Middleware\ValidatePathEncoding-&gt;handle()
#61 D:\Documentos\laboratorio soft\agricola-app\vendor\laravel\framework\src\Illuminate\Pipeline\Pipeline.php(137): Illuminate\Pipeline\Pipeline-&gt;{closure:{closure:Illuminate\Pipeline\Pipeline::carry():194}:195}()
#62 D:\Documentos\laboratorio soft\agricola-app\vendor\laravel\framework\src\Illuminate\Foundation\Http\Kernel.php(175): Illuminate\Pipeline\Pipeline-&gt;then()
#63 D:\Documentos\laboratorio soft\agricola-app\vendor\laravel\framework\src\Illuminate\Foundation\Http\Kernel.php(144): Illuminate\Foundation\Http\Kernel-&gt;sendRequestThroughRouter()
#64 D:\Documentos\laboratorio soft\agricola-app\vendor\laravel\framework\src\Illuminate\Foundation\Testing\Concerns\MakesHttpRequests.php(607): Illuminate\Foundation\Http\Kernel-&gt;handle()
#65 D:\Documentos\laboratorio soft\agricola-app\vendor\laravel\framework\src\Illuminate\Foundation\Testing\Concerns\MakesHttpRequests.php(397): Illuminate\Foundation\Testing\TestCase-&gt;call()
#66 D:\Documentos\laboratorio soft\agricola-app\tests\Feature\GestionCultivoModuleTest.php(605): Illuminate\Foundation\Testing\TestCase-&gt;post()
#67 D:\Documentos\laboratorio soft\agricola-app\vendor\phpunit\phpunit\src\Framework\TestCase.php(1314): Tests\Feature\GestionCultivoModuleTest-&gt;test_puede_crear_plan_fertilizacion()
#68 D:\Documentos\laboratorio soft\agricola-app\vendor\phpunit\phpunit\src\Framework\TestCase.php(1351): PHPUnit\Framework\TestCase-&gt;invokeTestMethod()
#69 D:\Documentos\laboratorio soft\agricola-app\vendor\phpunit\phpunit\src\Framework\TestCase.php(521): PHPUnit\Framework\TestCase-&gt;runTest()
#70 D:\Documentos\laboratorio soft\agricola-app\vendor\phpunit\phpunit\src\Framework\TestRunner\TestRunner.php(99): PHPUnit\Framework\TestCase-&gt;runBare()
#71 D:\Documentos\laboratorio soft\agricola-app\vendor\phpunit\phpunit\src\Framework\TestCase.php(361): PHPUnit\Framework\TestRunner-&gt;run()
#72 D:\Documentos\laboratorio soft\agricola-app\vendor\phpunit\phpunit\src\Framework\TestSuite.php(374): PHPUnit\Framework\TestCase-&gt;run()
#73 D:\Documentos\laboratorio soft\agricola-app\vendor\phpunit\phpunit\src\Framework\TestSuite.php(374): PHPUnit\Framework\TestSuite-&gt;run()
#74 D:\Documentos\laboratorio soft\agricola-app\vendor\phpunit\phpunit\src\Framework\TestSuite.php(374): PHPUnit\Framework\TestSuite-&gt;run()
#75 D:\Documentos\laboratorio soft\agricola-app\vendor\phpunit\phpunit\src\TextUI\TestRunner.php(64): PHPUnit\Framework\TestSuite-&gt;run()
#76 D:\Documentos\laboratorio soft\agricola-app\vendor\phpunit\phpunit\src\TextUI\Application.php(229): PHPUnit\TextUI\TestRunner-&gt;run()
#77 D:\Documentos\laboratorio soft\agricola-app\vendor\phpunit\phpunit\phpunit(104): PHPUnit\TextUI\Application-&gt;run()
#78 D:\Documentos\laboratorio soft\agricola-app\vendor\bin\phpunit(122): include('...')
#79 {main}

Next Illuminate\Database\QueryException: SQLSTATE[HY000]: General error: 1 no such table: insumo_agricolas (Connection: sqlite, Database: :memory:, SQL: select count(*) as aggregate from "insumo_agricolas" where "id" = 1) in D:\Documentos\laboratorio soft\agricola-app\vendor\laravel\framework\src\Illuminate\Database\Connection.php:841
Stack trace:
#0 D:\Documentos\laboratorio soft\agricola-app\vendor\laravel\framework\src\Illuminate\Database\Connection.php(797): Illuminate\Database\Connection-&gt;runQueryCallback()
#1 D:\Documentos\laboratorio soft\agricola-app\vendor\laravel\framework\src\Illuminate\Database\Connection.php(412): Illuminate\Database\Connection-&gt;run()
#2 D:\Documentos\laboratorio soft\agricola-app\vendor\laravel\framework\src\Illuminate\Database\Query\Builder.php(3567): Illuminate\Database\Connection-&gt;select()
#3 D:\Documentos\laboratorio soft\agricola-app\vendor\laravel\framework\src\Illuminate\Database\Query\Builder.php(3551): Illuminate\Database\Query\Builder-&gt;runSelect()
#4 D:\Documentos\laboratorio soft\agricola-app\vendor\laravel\framework\src\Illuminate\Database\Query\Builder.php(4067): Illuminate\Database\Query\Builder-&gt;get()
#5 D:\Documentos\laboratorio soft\agricola-app\vendor\laravel\framework\src\Illuminate\Database\Query\Builder.php(3995): Illuminate\Database\Query\Builder-&gt;aggregate()
#6 D:\Documentos\laboratorio soft\agricola-app\vendor\laravel\framework\src\Illuminate\Validation\DatabasePresenceVerifier.php(53): Illuminate\Database\Query\Builder-&gt;count()
#7 D:\Documentos\laboratorio soft\agricola-app\vendor\laravel\framework\src\Illuminate\Validation\Concerns\ValidatesAttributes.php(1044): Illuminate\Validation\DatabasePresenceVerifier-&gt;getCount()
#8 D:\Documentos\laboratorio soft\agricola-app\vendor\laravel\framework\src\Illuminate\Validation\Concerns\ValidatesAttributes.php(1015): Illuminate\Validation\Validator-&gt;getExistCount()
#9 D:\Documentos\laboratorio soft\agricola-app\vendor\laravel\framework\src\Illuminate\Validation\Validator.php(728): Illuminate\Validation\Validator-&gt;validateExists()
#10 D:\Documentos\laboratorio soft\agricola-app\vendor\laravel\framework\src\Illuminate\Validation\Validator.php(481): Illuminate\Validation\Validator-&gt;validateAttribute()
#11 D:\Documentos\laboratorio soft\agricola-app\vendor\laravel\framework\src\Illuminate\Validation\Validator.php(516): Illuminate\Validation\Validator-&gt;passes()
#12 D:\Documentos\laboratorio soft\agricola-app\vendor\laravel\framework\src\Illuminate\Validation\Validator.php(598): Illuminate\Validation\Validator-&gt;fails()
#13 D:\Documentos\laboratorio soft\agricola-app\vendor\laravel\framework\src\Illuminate\Foundation\Providers\FoundationServiceProvider.php(158): Illuminate\Validation\Validator-&gt;validate()
#14 D:\Documentos\laboratorio soft\agricola-app\vendor\laravel\framework\src\Illuminate\Macroable\Traits\Macroable.php(132): Illuminate\Http\Request-&gt;{closure:Illuminate\Foundation\Providers\FoundationServiceProvider::registerRequestValidation():150}()
#15 D:\Documentos\laboratorio soft\agricola-app\app\Http\Controllers\PlanFertilizacionController.php(29): Illuminate\Http\Request-&gt;__call()
#16 D:\Documentos\laboratorio soft\agricola-app\vendor\laravel\framework\src\Illuminate\Routing\ControllerDispatcher.php(46): App\Http\Controllers\PlanFertilizacionController-&gt;store()
#17 D:\Documentos\laboratorio soft\agricola-app\vendor\laravel\framework\src\Illuminate\Routing\Route.php(269): Illuminate\Routing\ControllerDispatcher-&gt;dispatch()
#18 D:\Documentos\laboratorio soft\agricola-app\vendor\laravel\framework\src\Illuminate\Routing\Route.php(215): Illuminate\Routing\Route-&gt;runController()
#19 D:\Documentos\laboratorio soft\agricola-app\vendor\laravel\framework\src\Illuminate\Routing\Router.php(822): Illuminate\Routing\Route-&gt;run()
#20 D:\Documentos\laboratorio soft\agricola-app\vendor\laravel\framework\src\Illuminate\Pipeline\Pipeline.php(180): Illuminate\Routing\Router-&gt;{closure:Illuminate\Routing\Router::runRouteWithinStack():821}()
#21 D:\Documentos\laboratorio soft\agricola-app\vendor\laravel\framework\src\Illuminate\Routing\Middleware\SubstituteBindings.php(52): Illuminate\Pipeline\Pipeline-&gt;{closure:Illuminate\Pipeline\Pipeline::prepareDestination():178}()
#22 D:\Documentos\laboratorio soft\agricola-app\vendor\laravel\framework\src\Illuminate\Pipeline\Pipeline.php(219): Illuminate\Routing\Middleware\SubstituteBindings-&gt;handle()
#23 D:\Documentos\laboratorio soft\agricola-app\vendor\laravel\framework\src\Illuminate\Foundation\Http\Middleware\PreventRequestForgery.php(104): Illuminate\Pipeline\Pipeline-&gt;{closure:{closure:Illuminate\Pipeline\Pipeline::carry():194}:195}()
#24 D:\Documentos\laboratorio soft\agricola-app\vendor\laravel\framework\src\Illuminate\Pipeline\Pipeline.php(219): Illuminate\Foundation\Http\Middleware\PreventRequestForgery-&gt;handle()
#25 D:\Documentos\laboratorio soft\agricola-app\vendor\laravel\framework\src\Illuminate\View\Middleware\ShareErrorsFromSession.php(48): Illuminate\Pipeline\Pipeline-&gt;{closure:{closure:Illuminate\Pipeline\Pipeline::carry():194}:195}()
#26 D:\Documentos\laboratorio soft\agricola-app\vendor\laravel\framework\src\Illuminate\Pipeline\Pipeline.php(219): Illuminate\View\Middleware\ShareErrorsFromSession-&gt;handle()
#27 D:\Documentos\laboratorio soft\agricola-app\vendor\laravel\framework\src\Illuminate\Session\Middleware\StartSession.php(120): Illuminate\Pipeline\Pipeline-&gt;{closure:{closure:Illuminate\Pipeline\Pipeline::carry():194}:195}()
#28 D:\Documentos\laboratorio soft\agricola-app\vendor\laravel\framework\src\Illuminate\Session\Middleware\StartSession.php(63): Illuminate\Session\Middleware\StartSession-&gt;handleStatefulRequest()
#29 D:\Documentos\laboratorio soft\agricola-app\vendor\laravel\framework\src\Illuminate\Pipeline\Pipeline.php(219): Illuminate\Session\Middleware\StartSession-&gt;handle()
#30 D:\Documentos\laboratorio soft\agricola-app\vendor\laravel\framework\src\Illuminate\Cookie\Middleware\AddQueuedCookiesToResponse.php(36): Illuminate\Pipeline\Pipeline-&gt;{closure:{closure:Illuminate\Pipeline\Pipeline::carry():194}:195}()
#31 D:\Documentos\laboratorio soft\agricola-app\vendor\laravel\framework\src\Illuminate\Pipeline\Pipeline.php(219): Illuminate\Cookie\Middleware\AddQueuedCookiesToResponse-&gt;handle()
#32 D:\Documentos\laboratorio soft\agricola-app\vendor\laravel\framework\src\Illuminate\Cookie\Middleware\EncryptCookies.php(74): Illuminate\Pipeline\Pipeline-&gt;{closure:{closure:Illuminate\Pipeline\Pipeline::carry():194}:195}()
#33 D:\Documentos\laboratorio soft\agricola-app\vendor\laravel\framework\src\Illuminate\Pipeline\Pipeline.php(219): Illuminate\Cookie\Middleware\EncryptCookies-&gt;handle()
#34 D:\Documentos\laboratorio soft\agricola-app\vendor\laravel\framework\src\Illuminate\Pipeline\Pipeline.php(137): Illuminate\Pipeline\Pipeline-&gt;{closure:{closure:Illuminate\Pipeline\Pipeline::carry():194}:195}()
#35 D:\Documentos\laboratorio soft\agricola-app\vendor\laravel\framework\src\Illuminate\Routing\Router.php(821): Illuminate\Pipeline\Pipeline-&gt;then()
#36 D:\Documentos\laboratorio soft\agricola-app\vendor\laravel\framework\src\Illuminate\Routing\Router.php(800): Illuminate\Routing\Router-&gt;runRouteWithinStack()
#37 D:\Documentos\laboratorio soft\agricola-app\vendor\laravel\framework\src\Illuminate\Routing\Router.php(764): Illuminate\Routing\Router-&gt;runRoute()
#38 D:\Documentos\laboratorio soft\agricola-app\vendor\laravel\framework\src\Illuminate\Routing\Router.php(753): Illuminate\Routing\Router-&gt;dispatchToRoute()
#39 D:\Documentos\laboratorio soft\agricola-app\vendor\laravel\framework\src\Illuminate\Foundation\Http\Kernel.php(200): Illuminate\Routing\Router-&gt;dispatch()
#40 D:\Documentos\laboratorio soft\agricola-app\vendor\laravel\framework\src\Illuminate\Pipeline\Pipeline.php(180): Illuminate\Foundation\Http\Kernel-&gt;{closure:Illuminate\Foundation\Http\Kernel::dispatchToRouter():197}()
#41 D:\Documentos\laboratorio soft\agricola-app\vendor\laravel\framework\src\Illuminate\Foundation\Http\Middleware\TransformsRequest.php(21): Illuminate\Pipeline\Pipeline-&gt;{closure:Illuminate\Pipeline\Pipeline::prepareDestination():178}()
#42 D:\Documentos\laboratorio soft\agricola-app\vendor\laravel\framework\src\Illuminate\Foundation\Http\Middleware\ConvertEmptyStringsToNull.php(31): Illuminate\Foundation\Http\Middleware\TransformsRequest-&gt;handle()
#43 D:\Documentos\laboratorio soft\agricola-app\vendor\laravel\framework\src\Illuminate\Pipeline\Pipeline.php(219): Illuminate\Foundation\Http\Middleware\ConvertEmptyStringsToNull-&gt;handle()
#44 D:\Documentos\laboratorio soft\agricola-app\vendor\laravel\framework\src\Illuminate\Foundation\Http\Middleware\TransformsRequest.php(21): Illuminate\Pipeline\Pipeline-&gt;{closure:{closure:Illuminate\Pipeline\Pipeline::carry():194}:195}()
#45 D:\Documentos\laboratorio soft\agricola-app\vendor\laravel\framework\src\Illuminate\Foundation\Http\Middleware\TrimStrings.php(51): Illuminate\Foundation\Http\Middleware\TransformsRequest-&gt;handle()
#46 D:\Documentos\laboratorio soft\agricola-app\vendor\laravel\framework\src\Illuminate\Pipeline\Pipeline.php(219): Illuminate\Foundation\Http\Middleware\TrimStrings-&gt;handle()
#47 D:\Documentos\laboratorio soft\agricola-app\vendor\laravel\framework\src\Illuminate\Http\Middleware\ValidatePostSize.php(27): Illuminate\Pipeline\Pipeline-&gt;{closure:{closure:Illuminate\Pipeline\Pipeline::carry():194}:195}()
#48 D:\Documentos\laboratorio soft\agricola-app\vendor\laravel\framework\src\Illuminate\Pipeline\Pipeline.php(219): Illuminate\Http\Middleware\ValidatePostSize-&gt;handle()
#49 D:\Documentos\laboratorio soft\agricola-app\vendor\laravel\framework\src\Illuminate\Foundation\Http\Middleware\PreventRequestsDuringMaintenance.php(109): Illuminate\Pipeline\Pipeline-&gt;{closure:{closure:Illuminate\Pipeline\Pipeline::carry():194}:195}()
#50 D:\Documentos\laboratorio soft\agricola-app\vendor\laravel\framework\src\Illuminate\Pipeline\Pipeline.php(219): Illuminate\Foundation\Http\Middleware\PreventRequestsDuringMaintenance-&gt;handle()
#51 D:\Documentos\laboratorio soft\agricola-app\vendor\laravel\framework\src\Illuminate\Http\Middleware\HandleCors.php(61): Illuminate\Pipeline\Pipeline-&gt;{closure:{closure:Illuminate\Pipeline\Pipeline::carry():194}:195}()
#52 D:\Documentos\laboratorio soft\agricola-app\vendor\laravel\framework\src\Illuminate\Pipeline\Pipeline.php(219): Illuminate\Http\Middleware\HandleCors-&gt;handle()
#53 D:\Documentos\laboratorio soft\agricola-app\vendor\laravel\framework\src\Illuminate\Http\Middleware\TrustProxies.php(58): Illuminate\Pipeline\Pipeline-&gt;{closure:{closure:Illuminate\Pipeline\Pipeline::carry():194}:195}()
#54 D:\Documentos\laboratorio soft\agricola-app\vendor\laravel\framework\src\Illuminate\Pipeline\Pipeline.php(219): Illuminate\Http\Middleware\TrustProxies-&gt;handle()
#55 D:\Documentos\laboratorio soft\agricola-app\vendor\laravel\framework\src\Illuminate\Foundation\Http\Middleware\InvokeDeferredCallbacks.php(22): Illuminate\Pipeline\Pipeline-&gt;{closure:{closure:Illuminate\Pipeline\Pipeline::carry():194}:195}()
#56 D:\Documentos\laboratorio soft\agricola-app\vendor\laravel\framework\src\Illuminate\Pipeline\Pipeline.php(219): Illuminate\Foundation\Http\Middleware\InvokeDeferredCallbacks-&gt;handle()
#57 D:\Documentos\laboratorio soft\agricola-app\vendor\laravel\framework\src\Illuminate\Http\Middleware\ValidatePathEncoding.php(28): Illuminate\Pipeline\Pipeline-&gt;{closure:{closure:Illuminate\Pipeline\Pipeline::carry():194}:195}()
#58 D:\Documentos\laboratorio soft\agricola-app\vendor\laravel\framework\src\Illuminate\Pipeline\Pipeline.php(219): Illuminate\Http\Middleware\ValidatePathEncoding-&gt;handle()
#59 D:\Documentos\laboratorio soft\agricola-app\vendor\laravel\framework\src\Illuminate\Pipeline\Pipeline.php(137): Illuminate\Pipeline\Pipeline-&gt;{closure:{closure:Illuminate\Pipeline\Pipeline::carry():194}:195}()
#60 D:\Documentos\laboratorio soft\agricola-app\vendor\laravel\framework\src\Illuminate\Foundation\Http\Kernel.php(175): Illuminate\Pipeline\Pipeline-&gt;then()
#61 D:\Documentos\laboratorio soft\agricola-app\vendor\laravel\framework\src\Illuminate\Foundation\Http\Kernel.php(144): Illuminate\Foundation\Http\Kernel-&gt;sendRequestThroughRouter()
#62 D:\Documentos\laboratorio soft\agricola-app\vendor\laravel\framework\src\Illuminate\Foundation\Testing\Concerns\MakesHttpRequests.php(607): Illuminate\Foundation\Http\Kernel-&gt;handle()
#63 D:\Documentos\laboratorio soft\agricola-app\vendor\laravel\framework\src\Illuminate\Foundation\Testing\Concerns\MakesHttpRequests.php(397): Illuminate\Foundation\Testing\TestCase-&gt;call()
#64 D:\Documentos\laboratorio soft\agricola-app\tests\Feature\GestionCultivoModuleTest.php(605): Illuminate\Foundation\Testing\TestCase-&gt;post()
#65 D:\Documentos\laboratorio soft\agricola-app\vendor\phpunit\phpunit\src\Framework\TestCase.php(1314): Tests\Feature\GestionCultivoModuleTest-&gt;test_puede_crear_plan_fertilizacion()
#66 D:\Documentos\laboratorio soft\agricola-app\vendor\phpunit\phpunit\src\Framework\TestCase.php(1351): PHPUnit\Framework\TestCase-&gt;invokeTestMethod()
#67 D:\Documentos\laboratorio soft\agricola-app\vendor\phpunit\phpunit\src\Framework\TestCase.php(521): PHPUnit\Framework\TestCase-&gt;runTest()
#68 D:\Documentos\laboratorio soft\agricola-app\vendor\phpunit\phpunit\src\Framework\TestRunner\TestRunner.php(99): PHPUnit\Framework\TestCase-&gt;runBare()
#69 D:\Documentos\laboratorio soft\agricola-app\vendor\phpunit\phpunit\src\Framework\TestCase.php(361): PHPUnit\Framework\TestRunner-&gt;run()
#70 D:\Documentos\laboratorio soft\agricola-app\vendor\phpunit\phpunit\src\Framework\TestSuite.php(374): PHPUnit\Framework\TestCase-&gt;run()
#71 D:\Documentos\laboratorio soft\agricola-app\vendor\phpunit\phpunit\src\Framework\TestSuite.php(374): PHPUnit\Framework\TestSuite-&gt;run()
#72 D:\Documentos\laboratorio soft\agricola-app\vendor\phpunit\phpunit\src\Framework\TestSuite.php(374): PHPUnit\Framework\TestSuite-&gt;run()
#73 D:\Documentos\laboratorio soft\agricola-app\vendor\phpunit\phpunit\src\TextUI\TestRunner.php(64): PHPUnit\Framework\TestSuite-&gt;run()
#74 D:\Documentos\laboratorio soft\agricola-app\vendor\phpunit\phpunit\src\TextUI\Application.php(229): PHPUnit\TextUI\TestRunner-&gt;run()
#75 D:\Documentos\laboratorio soft\agricola-app\vendor\phpunit\phpunit\phpunit(104): PHPUnit\TextUI\Application-&gt;run()
#76 D:\Documentos\laboratorio soft\agricola-app\vendor\bin\phpunit(122): include('...')
#77 {main}

----------------------------------------------------------------------------------

SQLSTATE[HY000]: General error: 1 no such table: insumo_agricolas (Connection: sqlite, Database: :memory:, SQL: select count(*) as aggregate from "insumo_agricolas" where "id" = 1)
&#13;
D:\Documentos\laboratorio soft\agricola-app\vendor\laravel\framework\src\Illuminate\Testing\TestResponseAssert.php:45
D:\Documentos\laboratorio soft\agricola-app\vendor\laravel\framework\src\Illuminate\Testing\TestResponse.php:201
D:\Documentos\laboratorio soft\agricola-app\tests\Feature\GestionCultivoModuleTest.php:612</failure>
        </testcase>
        <testcase name="test_puede_actualizar_plan_fertilizacion" file="D:\Documentos\laboratorio soft\agricola-app\tests\Feature\GestionCultivoModuleTest.php" line="620" class="Tests\Feature\GestionCultivoModuleTest" classname="Tests.Feature.GestionCultivoModuleTest" assertions="1" time="0.909103">
          <failure type="PHPUnit\Framework\ExpectationFailedException">Tests\Feature\GestionCultivoModuleTest::test_puede_actualizar_plan_fertilizacion&#13;
Expected response status code [201, 301, 302, 303, 307, 308] but received 500.
Failed asserting that false is true.&#13;
&#13;
The following exception occurred during the last request:

PDOException: SQLSTATE[HY000]: General error: 1 no such table: insumo_agricolas in D:\Documentos\laboratorio soft\agricola-app\vendor\laravel\framework\src\Illuminate\Database\Connection.php:421
Stack trace:
#0 D:\Documentos\laboratorio soft\agricola-app\vendor\laravel\framework\src\Illuminate\Database\Connection.php(421): PDO-&gt;prepare()
#1 D:\Documentos\laboratorio soft\agricola-app\vendor\laravel\framework\src\Illuminate\Database\Connection.php(830): Illuminate\Database\Connection-&gt;{closure:Illuminate\Database\Connection::select():412}()
#2 D:\Documentos\laboratorio soft\agricola-app\vendor\laravel\framework\src\Illuminate\Database\Connection.php(797): Illuminate\Database\Connection-&gt;runQueryCallback()
#3 D:\Documentos\laboratorio soft\agricola-app\vendor\laravel\framework\src\Illuminate\Database\Connection.php(412): Illuminate\Database\Connection-&gt;run()
#4 D:\Documentos\laboratorio soft\agricola-app\vendor\laravel\framework\src\Illuminate\Database\Query\Builder.php(3567): Illuminate\Database\Connection-&gt;select()
#5 D:\Documentos\laboratorio soft\agricola-app\vendor\laravel\framework\src\Illuminate\Database\Query\Builder.php(3551): Illuminate\Database\Query\Builder-&gt;runSelect()
#6 D:\Documentos\laboratorio soft\agricola-app\vendor\laravel\framework\src\Illuminate\Database\Query\Builder.php(4067): Illuminate\Database\Query\Builder-&gt;get()
#7 D:\Documentos\laboratorio soft\agricola-app\vendor\laravel\framework\src\Illuminate\Database\Query\Builder.php(3995): Illuminate\Database\Query\Builder-&gt;aggregate()
#8 D:\Documentos\laboratorio soft\agricola-app\vendor\laravel\framework\src\Illuminate\Validation\DatabasePresenceVerifier.php(53): Illuminate\Database\Query\Builder-&gt;count()
#9 D:\Documentos\laboratorio soft\agricola-app\vendor\laravel\framework\src\Illuminate\Validation\Concerns\ValidatesAttributes.php(1044): Illuminate\Validation\DatabasePresenceVerifier-&gt;getCount()
#10 D:\Documentos\laboratorio soft\agricola-app\vendor\laravel\framework\src\Illuminate\Validation\Concerns\ValidatesAttributes.php(1015): Illuminate\Validation\Validator-&gt;getExistCount()
#11 D:\Documentos\laboratorio soft\agricola-app\vendor\laravel\framework\src\Illuminate\Validation\Validator.php(728): Illuminate\Validation\Validator-&gt;validateExists()
#12 D:\Documentos\laboratorio soft\agricola-app\vendor\laravel\framework\src\Illuminate\Validation\Validator.php(481): Illuminate\Validation\Validator-&gt;validateAttribute()
#13 D:\Documentos\laboratorio soft\agricola-app\vendor\laravel\framework\src\Illuminate\Validation\Validator.php(516): Illuminate\Validation\Validator-&gt;passes()
#14 D:\Documentos\laboratorio soft\agricola-app\vendor\laravel\framework\src\Illuminate\Validation\Validator.php(598): Illuminate\Validation\Validator-&gt;fails()
#15 D:\Documentos\laboratorio soft\agricola-app\vendor\laravel\framework\src\Illuminate\Foundation\Providers\FoundationServiceProvider.php(158): Illuminate\Validation\Validator-&gt;validate()
#16 D:\Documentos\laboratorio soft\agricola-app\vendor\laravel\framework\src\Illuminate\Macroable\Traits\Macroable.php(132): Illuminate\Http\Request-&gt;{closure:Illuminate\Foundation\Providers\FoundationServiceProvider::registerRequestValidation():150}()
#17 D:\Documentos\laboratorio soft\agricola-app\app\Http\Controllers\PlanFertilizacionController.php(59): Illuminate\Http\Request-&gt;__call()
#18 D:\Documentos\laboratorio soft\agricola-app\vendor\laravel\framework\src\Illuminate\Routing\ControllerDispatcher.php(46): App\Http\Controllers\PlanFertilizacionController-&gt;update()
#19 D:\Documentos\laboratorio soft\agricola-app\vendor\laravel\framework\src\Illuminate\Routing\Route.php(269): Illuminate\Routing\ControllerDispatcher-&gt;dispatch()
#20 D:\Documentos\laboratorio soft\agricola-app\vendor\laravel\framework\src\Illuminate\Routing\Route.php(215): Illuminate\Routing\Route-&gt;runController()
#21 D:\Documentos\laboratorio soft\agricola-app\vendor\laravel\framework\src\Illuminate\Routing\Router.php(822): Illuminate\Routing\Route-&gt;run()
#22 D:\Documentos\laboratorio soft\agricola-app\vendor\laravel\framework\src\Illuminate\Pipeline\Pipeline.php(180): Illuminate\Routing\Router-&gt;{closure:Illuminate\Routing\Router::runRouteWithinStack():821}()
#23 D:\Documentos\laboratorio soft\agricola-app\vendor\laravel\framework\src\Illuminate\Routing\Middleware\SubstituteBindings.php(52): Illuminate\Pipeline\Pipeline-&gt;{closure:Illuminate\Pipeline\Pipeline::prepareDestination():178}()
#24 D:\Documentos\laboratorio soft\agricola-app\vendor\laravel\framework\src\Illuminate\Pipeline\Pipeline.php(219): Illuminate\Routing\Middleware\SubstituteBindings-&gt;handle()
#25 D:\Documentos\laboratorio soft\agricola-app\vendor\laravel\framework\src\Illuminate\Foundation\Http\Middleware\PreventRequestForgery.php(104): Illuminate\Pipeline\Pipeline-&gt;{closure:{closure:Illuminate\Pipeline\Pipeline::carry():194}:195}()
#26 D:\Documentos\laboratorio soft\agricola-app\vendor\laravel\framework\src\Illuminate\Pipeline\Pipeline.php(219): Illuminate\Foundation\Http\Middleware\PreventRequestForgery-&gt;handle()
#27 D:\Documentos\laboratorio soft\agricola-app\vendor\laravel\framework\src\Illuminate\View\Middleware\ShareErrorsFromSession.php(48): Illuminate\Pipeline\Pipeline-&gt;{closure:{closure:Illuminate\Pipeline\Pipeline::carry():194}:195}()
#28 D:\Documentos\laboratorio soft\agricola-app\vendor\laravel\framework\src\Illuminate\Pipeline\Pipeline.php(219): Illuminate\View\Middleware\ShareErrorsFromSession-&gt;handle()
#29 D:\Documentos\laboratorio soft\agricola-app\vendor\laravel\framework\src\Illuminate\Session\Middleware\StartSession.php(120): Illuminate\Pipeline\Pipeline-&gt;{closure:{closure:Illuminate\Pipeline\Pipeline::carry():194}:195}()
#30 D:\Documentos\laboratorio soft\agricola-app\vendor\laravel\framework\src\Illuminate\Session\Middleware\StartSession.php(63): Illuminate\Session\Middleware\StartSession-&gt;handleStatefulRequest()
#31 D:\Documentos\laboratorio soft\agricola-app\vendor\laravel\framework\src\Illuminate\Pipeline\Pipeline.php(219): Illuminate\Session\Middleware\StartSession-&gt;handle()
#32 D:\Documentos\laboratorio soft\agricola-app\vendor\laravel\framework\src\Illuminate\Cookie\Middleware\AddQueuedCookiesToResponse.php(36): Illuminate\Pipeline\Pipeline-&gt;{closure:{closure:Illuminate\Pipeline\Pipeline::carry():194}:195}()
#33 D:\Documentos\laboratorio soft\agricola-app\vendor\laravel\framework\src\Illuminate\Pipeline\Pipeline.php(219): Illuminate\Cookie\Middleware\AddQueuedCookiesToResponse-&gt;handle()
#34 D:\Documentos\laboratorio soft\agricola-app\vendor\laravel\framework\src\Illuminate\Cookie\Middleware\EncryptCookies.php(74): Illuminate\Pipeline\Pipeline-&gt;{closure:{closure:Illuminate\Pipeline\Pipeline::carry():194}:195}()
#35 D:\Documentos\laboratorio soft\agricola-app\vendor\laravel\framework\src\Illuminate\Pipeline\Pipeline.php(219): Illuminate\Cookie\Middleware\EncryptCookies-&gt;handle()
#36 D:\Documentos\laboratorio soft\agricola-app\vendor\laravel\framework\src\Illuminate\Pipeline\Pipeline.php(137): Illuminate\Pipeline\Pipeline-&gt;{closure:{closure:Illuminate\Pipeline\Pipeline::carry():194}:195}()
#37 D:\Documentos\laboratorio soft\agricola-app\vendor\laravel\framework\src\Illuminate\Routing\Router.php(821): Illuminate\Pipeline\Pipeline-&gt;then()
#38 D:\Documentos\laboratorio soft\agricola-app\vendor\laravel\framework\src\Illuminate\Routing\Router.php(800): Illuminate\Routing\Router-&gt;runRouteWithinStack()
#39 D:\Documentos\laboratorio soft\agricola-app\vendor\laravel\framework\src\Illuminate\Routing\Router.php(764): Illuminate\Routing\Router-&gt;runRoute()
#40 D:\Documentos\laboratorio soft\agricola-app\vendor\laravel\framework\src\Illuminate\Routing\Router.php(753): Illuminate\Routing\Router-&gt;dispatchToRoute()
#41 D:\Documentos\laboratorio soft\agricola-app\vendor\laravel\framework\src\Illuminate\Foundation\Http\Kernel.php(200): Illuminate\Routing\Router-&gt;dispatch()
#42 D:\Documentos\laboratorio soft\agricola-app\vendor\laravel\framework\src\Illuminate\Pipeline\Pipeline.php(180): Illuminate\Foundation\Http\Kernel-&gt;{closure:Illuminate\Foundation\Http\Kernel::dispatchToRouter():197}()
#43 D:\Documentos\laboratorio soft\agricola-app\vendor\laravel\framework\src\Illuminate\Foundation\Http\Middleware\TransformsRequest.php(21): Illuminate\Pipeline\Pipeline-&gt;{closure:Illuminate\Pipeline\Pipeline::prepareDestination():178}()
#44 D:\Documentos\laboratorio soft\agricola-app\vendor\laravel\framework\src\Illuminate\Foundation\Http\Middleware\ConvertEmptyStringsToNull.php(31): Illuminate\Foundation\Http\Middleware\TransformsRequest-&gt;handle()
#45 D:\Documentos\laboratorio soft\agricola-app\vendor\laravel\framework\src\Illuminate\Pipeline\Pipeline.php(219): Illuminate\Foundation\Http\Middleware\ConvertEmptyStringsToNull-&gt;handle()
#46 D:\Documentos\laboratorio soft\agricola-app\vendor\laravel\framework\src\Illuminate\Foundation\Http\Middleware\TransformsRequest.php(21): Illuminate\Pipeline\Pipeline-&gt;{closure:{closure:Illuminate\Pipeline\Pipeline::carry():194}:195}()
#47 D:\Documentos\laboratorio soft\agricola-app\vendor\laravel\framework\src\Illuminate\Foundation\Http\Middleware\TrimStrings.php(51): Illuminate\Foundation\Http\Middleware\TransformsRequest-&gt;handle()
#48 D:\Documentos\laboratorio soft\agricola-app\vendor\laravel\framework\src\Illuminate\Pipeline\Pipeline.php(219): Illuminate\Foundation\Http\Middleware\TrimStrings-&gt;handle()
#49 D:\Documentos\laboratorio soft\agricola-app\vendor\laravel\framework\src\Illuminate\Http\Middleware\ValidatePostSize.php(27): Illuminate\Pipeline\Pipeline-&gt;{closure:{closure:Illuminate\Pipeline\Pipeline::carry():194}:195}()
#50 D:\Documentos\laboratorio soft\agricola-app\vendor\laravel\framework\src\Illuminate\Pipeline\Pipeline.php(219): Illuminate\Http\Middleware\ValidatePostSize-&gt;handle()
#51 D:\Documentos\laboratorio soft\agricola-app\vendor\laravel\framework\src\Illuminate\Foundation\Http\Middleware\PreventRequestsDuringMaintenance.php(109): Illuminate\Pipeline\Pipeline-&gt;{closure:{closure:Illuminate\Pipeline\Pipeline::carry():194}:195}()
#52 D:\Documentos\laboratorio soft\agricola-app\vendor\laravel\framework\src\Illuminate\Pipeline\Pipeline.php(219): Illuminate\Foundation\Http\Middleware\PreventRequestsDuringMaintenance-&gt;handle()
#53 D:\Documentos\laboratorio soft\agricola-app\vendor\laravel\framework\src\Illuminate\Http\Middleware\HandleCors.php(61): Illuminate\Pipeline\Pipeline-&gt;{closure:{closure:Illuminate\Pipeline\Pipeline::carry():194}:195}()
#54 D:\Documentos\laboratorio soft\agricola-app\vendor\laravel\framework\src\Illuminate\Pipeline\Pipeline.php(219): Illuminate\Http\Middleware\HandleCors-&gt;handle()
#55 D:\Documentos\laboratorio soft\agricola-app\vendor\laravel\framework\src\Illuminate\Http\Middleware\TrustProxies.php(58): Illuminate\Pipeline\Pipeline-&gt;{closure:{closure:Illuminate\Pipeline\Pipeline::carry():194}:195}()
#56 D:\Documentos\laboratorio soft\agricola-app\vendor\laravel\framework\src\Illuminate\Pipeline\Pipeline.php(219): Illuminate\Http\Middleware\TrustProxies-&gt;handle()
#57 D:\Documentos\laboratorio soft\agricola-app\vendor\laravel\framework\src\Illuminate\Foundation\Http\Middleware\InvokeDeferredCallbacks.php(22): Illuminate\Pipeline\Pipeline-&gt;{closure:{closure:Illuminate\Pipeline\Pipeline::carry():194}:195}()
#58 D:\Documentos\laboratorio soft\agricola-app\vendor\laravel\framework\src\Illuminate\Pipeline\Pipeline.php(219): Illuminate\Foundation\Http\Middleware\InvokeDeferredCallbacks-&gt;handle()
#59 D:\Documentos\laboratorio soft\agricola-app\vendor\laravel\framework\src\Illuminate\Http\Middleware\ValidatePathEncoding.php(28): Illuminate\Pipeline\Pipeline-&gt;{closure:{closure:Illuminate\Pipeline\Pipeline::carry():194}:195}()
#60 D:\Documentos\laboratorio soft\agricola-app\vendor\laravel\framework\src\Illuminate\Pipeline\Pipeline.php(219): Illuminate\Http\Middleware\ValidatePathEncoding-&gt;handle()
#61 D:\Documentos\laboratorio soft\agricola-app\vendor\laravel\framework\src\Illuminate\Pipeline\Pipeline.php(137): Illuminate\Pipeline\Pipeline-&gt;{closure:{closure:Illuminate\Pipeline\Pipeline::carry():194}:195}()
#62 D:\Documentos\laboratorio soft\agricola-app\vendor\laravel\framework\src\Illuminate\Foundation\Http\Kernel.php(175): Illuminate\Pipeline\Pipeline-&gt;then()
#63 D:\Documentos\laboratorio soft\agricola-app\vendor\laravel\framework\src\Illuminate\Foundation\Http\Kernel.php(144): Illuminate\Foundation\Http\Kernel-&gt;sendRequestThroughRouter()
#64 D:\Documentos\laboratorio soft\agricola-app\vendor\laravel\framework\src\Illuminate\Foundation\Testing\Concerns\MakesHttpRequests.php(607): Illuminate\Foundation\Http\Kernel-&gt;handle()
#65 D:\Documentos\laboratorio soft\agricola-app\vendor\laravel\framework\src\Illuminate\Foundation\Testing\Concerns\MakesHttpRequests.php(427): Illuminate\Foundation\Testing\TestCase-&gt;call()
#66 D:\Documentos\laboratorio soft\agricola-app\tests\Feature\GestionCultivoModuleTest.php(630): Illuminate\Foundation\Testing\TestCase-&gt;put()
#67 D:\Documentos\laboratorio soft\agricola-app\vendor\phpunit\phpunit\src\Framework\TestCase.php(1314): Tests\Feature\GestionCultivoModuleTest-&gt;test_puede_actualizar_plan_fertilizacion()
#68 D:\Documentos\laboratorio soft\agricola-app\vendor\phpunit\phpunit\src\Framework\TestCase.php(1351): PHPUnit\Framework\TestCase-&gt;invokeTestMethod()
#69 D:\Documentos\laboratorio soft\agricola-app\vendor\phpunit\phpunit\src\Framework\TestCase.php(521): PHPUnit\Framework\TestCase-&gt;runTest()
#70 D:\Documentos\laboratorio soft\agricola-app\vendor\phpunit\phpunit\src\Framework\TestRunner\TestRunner.php(99): PHPUnit\Framework\TestCase-&gt;runBare()
#71 D:\Documentos\laboratorio soft\agricola-app\vendor\phpunit\phpunit\src\Framework\TestCase.php(361): PHPUnit\Framework\TestRunner-&gt;run()
#72 D:\Documentos\laboratorio soft\agricola-app\vendor\phpunit\phpunit\src\Framework\TestSuite.php(374): PHPUnit\Framework\TestCase-&gt;run()
#73 D:\Documentos\laboratorio soft\agricola-app\vendor\phpunit\phpunit\src\Framework\TestSuite.php(374): PHPUnit\Framework\TestSuite-&gt;run()
#74 D:\Documentos\laboratorio soft\agricola-app\vendor\phpunit\phpunit\src\Framework\TestSuite.php(374): PHPUnit\Framework\TestSuite-&gt;run()
#75 D:\Documentos\laboratorio soft\agricola-app\vendor\phpunit\phpunit\src\TextUI\TestRunner.php(64): PHPUnit\Framework\TestSuite-&gt;run()
#76 D:\Documentos\laboratorio soft\agricola-app\vendor\phpunit\phpunit\src\TextUI\Application.php(229): PHPUnit\TextUI\TestRunner-&gt;run()
#77 D:\Documentos\laboratorio soft\agricola-app\vendor\phpunit\phpunit\phpunit(104): PHPUnit\TextUI\Application-&gt;run()
#78 D:\Documentos\laboratorio soft\agricola-app\vendor\bin\phpunit(122): include('...')
#79 {main}

Next Illuminate\Database\QueryException: SQLSTATE[HY000]: General error: 1 no such table: insumo_agricolas (Connection: sqlite, Database: :memory:, SQL: select count(*) as aggregate from "insumo_agricolas" where "id" = 1) in D:\Documentos\laboratorio soft\agricola-app\vendor\laravel\framework\src\Illuminate\Database\Connection.php:841
Stack trace:
#0 D:\Documentos\laboratorio soft\agricola-app\vendor\laravel\framework\src\Illuminate\Database\Connection.php(797): Illuminate\Database\Connection-&gt;runQueryCallback()
#1 D:\Documentos\laboratorio soft\agricola-app\vendor\laravel\framework\src\Illuminate\Database\Connection.php(412): Illuminate\Database\Connection-&gt;run()
#2 D:\Documentos\laboratorio soft\agricola-app\vendor\laravel\framework\src\Illuminate\Database\Query\Builder.php(3567): Illuminate\Database\Connection-&gt;select()
#3 D:\Documentos\laboratorio soft\agricola-app\vendor\laravel\framework\src\Illuminate\Database\Query\Builder.php(3551): Illuminate\Database\Query\Builder-&gt;runSelect()
#4 D:\Documentos\laboratorio soft\agricola-app\vendor\laravel\framework\src\Illuminate\Database\Query\Builder.php(4067): Illuminate\Database\Query\Builder-&gt;get()
#5 D:\Documentos\laboratorio soft\agricola-app\vendor\laravel\framework\src\Illuminate\Database\Query\Builder.php(3995): Illuminate\Database\Query\Builder-&gt;aggregate()
#6 D:\Documentos\laboratorio soft\agricola-app\vendor\laravel\framework\src\Illuminate\Validation\DatabasePresenceVerifier.php(53): Illuminate\Database\Query\Builder-&gt;count()
#7 D:\Documentos\laboratorio soft\agricola-app\vendor\laravel\framework\src\Illuminate\Validation\Concerns\ValidatesAttributes.php(1044): Illuminate\Validation\DatabasePresenceVerifier-&gt;getCount()
#8 D:\Documentos\laboratorio soft\agricola-app\vendor\laravel\framework\src\Illuminate\Validation\Concerns\ValidatesAttributes.php(1015): Illuminate\Validation\Validator-&gt;getExistCount()
#9 D:\Documentos\laboratorio soft\agricola-app\vendor\laravel\framework\src\Illuminate\Validation\Validator.php(728): Illuminate\Validation\Validator-&gt;validateExists()
#10 D:\Documentos\laboratorio soft\agricola-app\vendor\laravel\framework\src\Illuminate\Validation\Validator.php(481): Illuminate\Validation\Validator-&gt;validateAttribute()
#11 D:\Documentos\laboratorio soft\agricola-app\vendor\laravel\framework\src\Illuminate\Validation\Validator.php(516): Illuminate\Validation\Validator-&gt;passes()
#12 D:\Documentos\laboratorio soft\agricola-app\vendor\laravel\framework\src\Illuminate\Validation\Validator.php(598): Illuminate\Validation\Validator-&gt;fails()
#13 D:\Documentos\laboratorio soft\agricola-app\vendor\laravel\framework\src\Illuminate\Foundation\Providers\FoundationServiceProvider.php(158): Illuminate\Validation\Validator-&gt;validate()
#14 D:\Documentos\laboratorio soft\agricola-app\vendor\laravel\framework\src\Illuminate\Macroable\Traits\Macroable.php(132): Illuminate\Http\Request-&gt;{closure:Illuminate\Foundation\Providers\FoundationServiceProvider::registerRequestValidation():150}()
#15 D:\Documentos\laboratorio soft\agricola-app\app\Http\Controllers\PlanFertilizacionController.php(59): Illuminate\Http\Request-&gt;__call()
#16 D:\Documentos\laboratorio soft\agricola-app\vendor\laravel\framework\src\Illuminate\Routing\ControllerDispatcher.php(46): App\Http\Controllers\PlanFertilizacionController-&gt;update()
#17 D:\Documentos\laboratorio soft\agricola-app\vendor\laravel\framework\src\Illuminate\Routing\Route.php(269): Illuminate\Routing\ControllerDispatcher-&gt;dispatch()
#18 D:\Documentos\laboratorio soft\agricola-app\vendor\laravel\framework\src\Illuminate\Routing\Route.php(215): Illuminate\Routing\Route-&gt;runController()
#19 D:\Documentos\laboratorio soft\agricola-app\vendor\laravel\framework\src\Illuminate\Routing\Router.php(822): Illuminate\Routing\Route-&gt;run()
#20 D:\Documentos\laboratorio soft\agricola-app\vendor\laravel\framework\src\Illuminate\Pipeline\Pipeline.php(180): Illuminate\Routing\Router-&gt;{closure:Illuminate\Routing\Router::runRouteWithinStack():821}()
#21 D:\Documentos\laboratorio soft\agricola-app\vendor\laravel\framework\src\Illuminate\Routing\Middleware\SubstituteBindings.php(52): Illuminate\Pipeline\Pipeline-&gt;{closure:Illuminate\Pipeline\Pipeline::prepareDestination():178}()
#22 D:\Documentos\laboratorio soft\agricola-app\vendor\laravel\framework\src\Illuminate\Pipeline\Pipeline.php(219): Illuminate\Routing\Middleware\SubstituteBindings-&gt;handle()
#23 D:\Documentos\laboratorio soft\agricola-app\vendor\laravel\framework\src\Illuminate\Foundation\Http\Middleware\PreventRequestForgery.php(104): Illuminate\Pipeline\Pipeline-&gt;{closure:{closure:Illuminate\Pipeline\Pipeline::carry():194}:195}()
#24 D:\Documentos\laboratorio soft\agricola-app\vendor\laravel\framework\src\Illuminate\Pipeline\Pipeline.php(219): Illuminate\Foundation\Http\Middleware\PreventRequestForgery-&gt;handle()
#25 D:\Documentos\laboratorio soft\agricola-app\vendor\laravel\framework\src\Illuminate\View\Middleware\ShareErrorsFromSession.php(48): Illuminate\Pipeline\Pipeline-&gt;{closure:{closure:Illuminate\Pipeline\Pipeline::carry():194}:195}()
#26 D:\Documentos\laboratorio soft\agricola-app\vendor\laravel\framework\src\Illuminate\Pipeline\Pipeline.php(219): Illuminate\View\Middleware\ShareErrorsFromSession-&gt;handle()
#27 D:\Documentos\laboratorio soft\agricola-app\vendor\laravel\framework\src\Illuminate\Session\Middleware\StartSession.php(120): Illuminate\Pipeline\Pipeline-&gt;{closure:{closure:Illuminate\Pipeline\Pipeline::carry():194}:195}()
#28 D:\Documentos\laboratorio soft\agricola-app\vendor\laravel\framework\src\Illuminate\Session\Middleware\StartSession.php(63): Illuminate\Session\Middleware\StartSession-&gt;handleStatefulRequest()
#29 D:\Documentos\laboratorio soft\agricola-app\vendor\laravel\framework\src\Illuminate\Pipeline\Pipeline.php(219): Illuminate\Session\Middleware\StartSession-&gt;handle()
#30 D:\Documentos\laboratorio soft\agricola-app\vendor\laravel\framework\src\Illuminate\Cookie\Middleware\AddQueuedCookiesToResponse.php(36): Illuminate\Pipeline\Pipeline-&gt;{closure:{closure:Illuminate\Pipeline\Pipeline::carry():194}:195}()
#31 D:\Documentos\laboratorio soft\agricola-app\vendor\laravel\framework\src\Illuminate\Pipeline\Pipeline.php(219): Illuminate\Cookie\Middleware\AddQueuedCookiesToResponse-&gt;handle()
#32 D:\Documentos\laboratorio soft\agricola-app\vendor\laravel\framework\src\Illuminate\Cookie\Middleware\EncryptCookies.php(74): Illuminate\Pipeline\Pipeline-&gt;{closure:{closure:Illuminate\Pipeline\Pipeline::carry():194}:195}()
#33 D:\Documentos\laboratorio soft\agricola-app\vendor\laravel\framework\src\Illuminate\Pipeline\Pipeline.php(219): Illuminate\Cookie\Middleware\EncryptCookies-&gt;handle()
#34 D:\Documentos\laboratorio soft\agricola-app\vendor\laravel\framework\src\Illuminate\Pipeline\Pipeline.php(137): Illuminate\Pipeline\Pipeline-&gt;{closure:{closure:Illuminate\Pipeline\Pipeline::carry():194}:195}()
#35 D:\Documentos\laboratorio soft\agricola-app\vendor\laravel\framework\src\Illuminate\Routing\Router.php(821): Illuminate\Pipeline\Pipeline-&gt;then()
#36 D:\Documentos\laboratorio soft\agricola-app\vendor\laravel\framework\src\Illuminate\Routing\Router.php(800): Illuminate\Routing\Router-&gt;runRouteWithinStack()
#37 D:\Documentos\laboratorio soft\agricola-app\vendor\laravel\framework\src\Illuminate\Routing\Router.php(764): Illuminate\Routing\Router-&gt;runRoute()
#38 D:\Documentos\laboratorio soft\agricola-app\vendor\laravel\framework\src\Illuminate\Routing\Router.php(753): Illuminate\Routing\Router-&gt;dispatchToRoute()
#39 D:\Documentos\laboratorio soft\agricola-app\vendor\laravel\framework\src\Illuminate\Foundation\Http\Kernel.php(200): Illuminate\Routing\Router-&gt;dispatch()
#40 D:\Documentos\laboratorio soft\agricola-app\vendor\laravel\framework\src\Illuminate\Pipeline\Pipeline.php(180): Illuminate\Foundation\Http\Kernel-&gt;{closure:Illuminate\Foundation\Http\Kernel::dispatchToRouter():197}()
#41 D:\Documentos\laboratorio soft\agricola-app\vendor\laravel\framework\src\Illuminate\Foundation\Http\Middleware\TransformsRequest.php(21): Illuminate\Pipeline\Pipeline-&gt;{closure:Illuminate\Pipeline\Pipeline::prepareDestination():178}()
#42 D:\Documentos\laboratorio soft\agricola-app\vendor\laravel\framework\src\Illuminate\Foundation\Http\Middleware\ConvertEmptyStringsToNull.php(31): Illuminate\Foundation\Http\Middleware\TransformsRequest-&gt;handle()
#43 D:\Documentos\laboratorio soft\agricola-app\vendor\laravel\framework\src\Illuminate\Pipeline\Pipeline.php(219): Illuminate\Foundation\Http\Middleware\ConvertEmptyStringsToNull-&gt;handle()
#44 D:\Documentos\laboratorio soft\agricola-app\vendor\laravel\framework\src\Illuminate\Foundation\Http\Middleware\TransformsRequest.php(21): Illuminate\Pipeline\Pipeline-&gt;{closure:{closure:Illuminate\Pipeline\Pipeline::carry():194}:195}()
#45 D:\Documentos\laboratorio soft\agricola-app\vendor\laravel\framework\src\Illuminate\Foundation\Http\Middleware\TrimStrings.php(51): Illuminate\Foundation\Http\Middleware\TransformsRequest-&gt;handle()
#46 D:\Documentos\laboratorio soft\agricola-app\vendor\laravel\framework\src\Illuminate\Pipeline\Pipeline.php(219): Illuminate\Foundation\Http\Middleware\TrimStrings-&gt;handle()
#47 D:\Documentos\laboratorio soft\agricola-app\vendor\laravel\framework\src\Illuminate\Http\Middleware\ValidatePostSize.php(27): Illuminate\Pipeline\Pipeline-&gt;{closure:{closure:Illuminate\Pipeline\Pipeline::carry():194}:195}()
#48 D:\Documentos\laboratorio soft\agricola-app\vendor\laravel\framework\src\Illuminate\Pipeline\Pipeline.php(219): Illuminate\Http\Middleware\ValidatePostSize-&gt;handle()
#49 D:\Documentos\laboratorio soft\agricola-app\vendor\laravel\framework\src\Illuminate\Foundation\Http\Middleware\PreventRequestsDuringMaintenance.php(109): Illuminate\Pipeline\Pipeline-&gt;{closure:{closure:Illuminate\Pipeline\Pipeline::carry():194}:195}()
#50 D:\Documentos\laboratorio soft\agricola-app\vendor\laravel\framework\src\Illuminate\Pipeline\Pipeline.php(219): Illuminate\Foundation\Http\Middleware\PreventRequestsDuringMaintenance-&gt;handle()
#51 D:\Documentos\laboratorio soft\agricola-app\vendor\laravel\framework\src\Illuminate\Http\Middleware\HandleCors.php(61): Illuminate\Pipeline\Pipeline-&gt;{closure:{closure:Illuminate\Pipeline\Pipeline::carry():194}:195}()
#52 D:\Documentos\laboratorio soft\agricola-app\vendor\laravel\framework\src\Illuminate\Pipeline\Pipeline.php(219): Illuminate\Http\Middleware\HandleCors-&gt;handle()
#53 D:\Documentos\laboratorio soft\agricola-app\vendor\laravel\framework\src\Illuminate\Http\Middleware\TrustProxies.php(58): Illuminate\Pipeline\Pipeline-&gt;{closure:{closure:Illuminate\Pipeline\Pipeline::carry():194}:195}()
#54 D:\Documentos\laboratorio soft\agricola-app\vendor\laravel\framework\src\Illuminate\Pipeline\Pipeline.php(219): Illuminate\Http\Middleware\TrustProxies-&gt;handle()
#55 D:\Documentos\laboratorio soft\agricola-app\vendor\laravel\framework\src\Illuminate\Foundation\Http\Middleware\InvokeDeferredCallbacks.php(22): Illuminate\Pipeline\Pipeline-&gt;{closure:{closure:Illuminate\Pipeline\Pipeline::carry():194}:195}()
#56 D:\Documentos\laboratorio soft\agricola-app\vendor\laravel\framework\src\Illuminate\Pipeline\Pipeline.php(219): Illuminate\Foundation\Http\Middleware\InvokeDeferredCallbacks-&gt;handle()
#57 D:\Documentos\laboratorio soft\agricola-app\vendor\laravel\framework\src\Illuminate\Http\Middleware\ValidatePathEncoding.php(28): Illuminate\Pipeline\Pipeline-&gt;{closure:{closure:Illuminate\Pipeline\Pipeline::carry():194}:195}()
#58 D:\Documentos\laboratorio soft\agricola-app\vendor\laravel\framework\src\Illuminate\Pipeline\Pipeline.php(219): Illuminate\Http\Middleware\ValidatePathEncoding-&gt;handle()
#59 D:\Documentos\laboratorio soft\agricola-app\vendor\laravel\framework\src\Illuminate\Pipeline\Pipeline.php(137): Illuminate\Pipeline\Pipeline-&gt;{closure:{closure:Illuminate\Pipeline\Pipeline::carry():194}:195}()
#60 D:\Documentos\laboratorio soft\agricola-app\vendor\laravel\framework\src\Illuminate\Foundation\Http\Kernel.php(175): Illuminate\Pipeline\Pipeline-&gt;then()
#61 D:\Documentos\laboratorio soft\agricola-app\vendor\laravel\framework\src\Illuminate\Foundation\Http\Kernel.php(144): Illuminate\Foundation\Http\Kernel-&gt;sendRequestThroughRouter()
#62 D:\Documentos\laboratorio soft\agricola-app\vendor\laravel\framework\src\Illuminate\Foundation\Testing\Concerns\MakesHttpRequests.php(607): Illuminate\Foundation\Http\Kernel-&gt;handle()
#63 D:\Documentos\laboratorio soft\agricola-app\vendor\laravel\framework\src\Illuminate\Foundation\Testing\Concerns\MakesHttpRequests.php(427): Illuminate\Foundation\Testing\TestCase-&gt;call()
#64 D:\Documentos\laboratorio soft\agricola-app\tests\Feature\GestionCultivoModuleTest.php(630): Illuminate\Foundation\Testing\TestCase-&gt;put()
#65 D:\Documentos\laboratorio soft\agricola-app\vendor\phpunit\phpunit\src\Framework\TestCase.php(1314): Tests\Feature\GestionCultivoModuleTest-&gt;test_puede_actualizar_plan_fertilizacion()
#66 D:\Documentos\laboratorio soft\agricola-app\vendor\phpunit\phpunit\src\Framework\TestCase.php(1351): PHPUnit\Framework\TestCase-&gt;invokeTestMethod()
#67 D:\Documentos\laboratorio soft\agricola-app\vendor\phpunit\phpunit\src\Framework\TestCase.php(521): PHPUnit\Framework\TestCase-&gt;runTest()
#68 D:\Documentos\laboratorio soft\agricola-app\vendor\phpunit\phpunit\src\Framework\TestRunner\TestRunner.php(99): PHPUnit\Framework\TestCase-&gt;runBare()
#69 D:\Documentos\laboratorio soft\agricola-app\vendor\phpunit\phpunit\src\Framework\TestCase.php(361): PHPUnit\Framework\TestRunner-&gt;run()
#70 D:\Documentos\laboratorio soft\agricola-app\vendor\phpunit\phpunit\src\Framework\TestSuite.php(374): PHPUnit\Framework\TestCase-&gt;run()
#71 D:\Documentos\laboratorio soft\agricola-app\vendor\phpunit\phpunit\src\Framework\TestSuite.php(374): PHPUnit\Framework\TestSuite-&gt;run()
#72 D:\Documentos\laboratorio soft\agricola-app\vendor\phpunit\phpunit\src\Framework\TestSuite.php(374): PHPUnit\Framework\TestSuite-&gt;run()
[...]
#25 D:\Documentos\laboratorio soft\agricola-app\vendor\laravel\framework\src\Illuminate\View\Middleware\ShareErrorsFromSession.php(48): Illuminate\Pipeline\Pipeline-&gt;{closure:{closure:Illuminate\Pipeline\Pipeline::carry():194}:195}()
#26 D:\Documentos\laboratorio soft\agricola-app\vendor\laravel\framework\src\Illuminate\Pipeline\Pipeline.php(219): Illuminate\View\Middleware\ShareErrorsFromSession-&gt;handle()
#27 D:\Documentos\laboratorio soft\agricola-app\vendor\laravel\framework\src\Illuminate\Session\Middleware\StartSession.php(120): Illuminate\Pipeline\Pipeline-&gt;{closure:{closure:Illuminate\Pipeline\Pipeline::carry():194}:195}()
#28 D:\Documentos\laboratorio soft\agricola-app\vendor\laravel\framework\src\Illuminate\Session\Middleware\StartSession.php(63): Illuminate\Session\Middleware\StartSession-&gt;handleStatefulRequest()
#29 D:\Documentos\laboratorio soft\agricola-app\vendor\laravel\framework\src\Illuminate\Pipeline\Pipeline.php(219): Illuminate\Session\Middleware\StartSession-&gt;handle()
#30 D:\Documentos\laboratorio soft\agricola-app\vendor\laravel\framework\src\Illuminate\Cookie\Middleware\AddQueuedCookiesToResponse.php(36): Illuminate\Pipeline\Pipeline-&gt;{closure:{closure:Illuminate\Pipeline\Pipeline::carry():194}:195}()
#31 D:\Documentos\laboratorio soft\agricola-app\vendor\laravel\framework\src\Illuminate\Pipeline\Pipeline.php(219): Illuminate\Cookie\Middleware\AddQueuedCookiesToResponse-&gt;handle()
#32 D:\Documentos\laboratorio soft\agricola-app\vendor\laravel\framework\src\Illuminate\Cookie\Middleware\EncryptCookies.php(74): Illuminate\Pipeline\Pipeline-&gt;{closure:{closure:Illuminate\Pipeline\Pipeline::carry():194}:195}()
#33 D:\Documentos\laboratorio soft\agricola-app\vendor\laravel\framework\src\Illuminate\Pipeline\Pipeline.php(219): Illuminate\Cookie\Middleware\EncryptCookies-&gt;handle()
#34 D:\Documentos\laboratorio soft\agricola-app\vendor\laravel\framework\src\Illuminate\Pipeline\Pipeline.php(137): Illuminate\Pipeline\Pipeline-&gt;{closure:{closure:Illuminate\Pipeline\Pipeline::carry():194}:195}()
#35 D:\Documentos\laboratorio soft\agricola-app\vendor\laravel\framework\src\Illuminate\Routing\Router.php(821): Illuminate\Pipeline\Pipeline-&gt;then()
#36 D:\Documentos\laboratorio soft\agricola-app\vendor\laravel\framework\src\Illuminate\Routing\Router.php(800): Illuminate\Routing\Router-&gt;runRouteWithinStack()
#37 D:\Documentos\laboratorio soft\agricola-app\vendor\laravel\framework\src\Illuminate\Routing\Router.php(764): Illuminate\Routing\Router-&gt;runRoute()
#38 D:\Documentos\laboratorio soft\agricola-app\vendor\laravel\framework\src\Illuminate\Routing\Router.php(753): Illuminate\Routing\Router-&gt;dispatchToRoute()
#39 D:\Documentos\laboratorio soft\agricola-app\vendor\laravel\framework\src\Illuminate\Foundation\Http\Kernel.php(200): Illuminate\Routing\Router-&gt;dispatch()
#40 D:\Documentos\laboratorio soft\agricola-app\vendor\laravel\framework\src\Illuminate\Pipeline\Pipeline.php(180): Illuminate\Foundation\Http\Kernel-&gt;{closure:Illuminate\Foundation\Http\Kernel::dispatchToRouter():197}()
#41 D:\Documentos\laboratorio soft\agricola-app\vendor\laravel\framework\src\Illuminate\Foundation\Http\Middleware\TransformsRequest.php(21): Illuminate\Pipeline\Pipeline-&gt;{closure:Illuminate\Pipeline\Pipeline::prepareDestination():178}()
#42 D:\Documentos\laboratorio soft\agricola-app\vendor\laravel\framework\src\Illuminate\Foundation\Http\Middleware\ConvertEmptyStringsToNull.php(31): Illuminate\Foundation\Http\Middleware\TransformsRequest-&gt;handle()
#43 D:\Documentos\laboratorio soft\agricola-app\vendor\laravel\framework\src\Illuminate\Pipeline\Pipeline.php(219): Illuminate\Foundation\Http\Middleware\ConvertEmptyStringsToNull-&gt;handle()
#44 D:\Documentos\laboratorio soft\agricola-app\vendor\laravel\framework\src\Illuminate\Foundation\Http\Middleware\TransformsRequest.php(21): Illuminate\Pipeline\Pipeline-&gt;{closure:{closure:Illuminate\Pipeline\Pipeline::carry():194}:195}()
#45 D:\Documentos\laboratorio soft\agricola-app\vendor\laravel\framework\src\Illuminate\Foundation\Http\Middleware\TrimStrings.php(51): Illuminate\Foundation\Http\Middleware\TransformsRequest-&gt;handle()
#46 D:\Documentos\laboratorio soft\agricola-app\vendor\laravel\framework\src\Illuminate\Pipeline\Pipeline.php(219): Illuminate\Foundation\Http\Middleware\TrimStrings-&gt;handle()
#47 D:\Documentos\laboratorio soft\agricola-app\vendor\laravel\framework\src\Illuminate\Http\Middleware\ValidatePostSize.php(27): Illuminate\Pipeline\Pipeline-&gt;{closure:{closure:Illuminate\Pipeline\Pipeline::carry():194}:195}()
#48 D:\Documentos\laboratorio soft\agricola-app\vendor\laravel\framework\src\Illuminate\Pipeline\Pipeline.php(219): Illuminate\Http\Middleware\ValidatePostSize-&gt;handle()
#49 D:\Documentos\laboratorio soft\agricola-app\vendor\laravel\framework\src\Illuminate\Foundation\Http\Middleware\PreventRequestsDuringMaintenance.php(109): Illuminate\Pipeline\Pipeline-&gt;{closure:{closure:Illuminate\Pipeline\Pipeline::carry():194}:195}()
#50 D:\Documentos\laboratorio soft\agricola-app\vendor\laravel\framework\src\Illuminate\Pipeline\Pipeline.php(219): Illuminate\Foundation\Http\Middleware\PreventRequestsDuringMaintenance-&gt;handle()
#51 D:\Documentos\laboratorio soft\agricola-app\vendor\laravel\framework\src\Illuminate\Http\Middleware\HandleCors.php(61): Illuminate\Pipeline\Pipeline-&gt;{closure:{closure:Illuminate\Pipeline\Pipeline::carry():194}:195}()
#52 D:\Documentos\laboratorio soft\agricola-app\vendor\laravel\framework\src\Illuminate\Pipeline\Pipeline.php(219): Illuminate\Http\Middleware\HandleCors-&gt;handle()
#53 D:\Documentos\laboratorio soft\agricola-app\vendor\laravel\framework\src\Illuminate\Http\Middleware\TrustProxies.php(58): Illuminate\Pipeline\Pipeline-&gt;{closure:{closure:Illuminate\Pipeline\Pipeline::carry():194}:195}()
#54 D:\Documentos\laboratorio soft\agricola-app\vendor\laravel\framework\src\Illuminate\Pipeline\Pipeline.php(219): Illuminate\Http\Middleware\TrustProxies-&gt;handle()
#55 D:\Documentos\laboratorio soft\agricola-app\vendor\laravel\framework\src\Illuminate\Foundation\Http\Middleware\InvokeDeferredCallbacks.php(22): Illuminate\Pipeline\Pipeline-&gt;{closure:{closure:Illuminate\Pipeline\Pipeline::carry():194}:195}()
#56 D:\Documentos\laboratorio soft\agricola-app\vendor\laravel\framework\src\Illuminate\Pipeline\Pipeline.php(219): Illuminate\Foundation\Http\Middleware\InvokeDeferredCallbacks-&gt;handle()
#57 D:\Documentos\laboratorio soft\agricola-app\vendor\laravel\framework\src\Illuminate\Http\Middleware\ValidatePathEncoding.php(28): Illuminate\Pipeline\Pipeline-&gt;{closure:{closure:Illuminate\Pipeline\Pipeline::carry():194}:195}()
#58 D:\Documentos\laboratorio soft\agricola-app\vendor\laravel\framework\src\Illuminate\Pipeline\Pipeline.php(219): Illuminate\Http\Middleware\ValidatePathEncoding-&gt;handle()
#59 D:\Documentos\laboratorio soft\agricola-app\vendor\laravel\framework\src\Illuminate\Pipeline\Pipeline.php(137): Illuminate\Pipeline\Pipeline-&gt;{closure:{closure:Illuminate\Pipeline\Pipeline::carry():194}:195}()
#60 D:\Documentos\laboratorio soft\agricola-app\vendor\laravel\framework\src\Illuminate\Foundation\Http\Kernel.php(175): Illuminate\Pipeline\Pipeline-&gt;then()
#61 D:\Documentos\laboratorio soft\agricola-app\vendor\laravel\framework\src\Illuminate\Foundation\Http\Kernel.php(144): Illuminate\Foundation\Http\Kernel-&gt;sendRequestThroughRouter()
#62 D:\Documentos\laboratorio soft\agricola-app\vendor\laravel\framework\src\Illuminate\Foundation\Testing\Concerns\MakesHttpRequests.php(607): Illuminate\Foundation\Http\Kernel-&gt;handle()
#63 D:\Documentos\laboratorio soft\agricola-app\vendor\laravel\framework\src\Illuminate\Foundation\Testing\Concerns\MakesHttpRequests.php(427): Illuminate\Foundation\Testing\TestCase-&gt;call()
#64 D:\Documentos\laboratorio soft\agricola-app\tests\Feature\VentaDistribucionModuleTest.php(79): Illuminate\Foundation\Testing\TestCase-&gt;put()
#65 D:\Documentos\laboratorio soft\agricola-app\vendor\phpunit\phpunit\src\Framework\TestCase.php(1314): Tests\Feature\VentaDistribucionModuleTest-&gt;test_puede_actualizar_devolucion()
#66 D:\Documentos\laboratorio soft\agricola-app\vendor\phpunit\phpunit\src\Framework\TestCase.php(1351): PHPUnit\Framework\TestCase-&gt;invokeTestMethod()
#67 D:\Documentos\laboratorio soft\agricola-app\vendor\phpunit\phpunit\src\Framework\TestCase.php(521): PHPUnit\Framework\TestCase-&gt;runTest()
#68 D:\Documentos\laboratorio soft\agricola-app\vendor\phpunit\phpunit\src\Framework\TestRunner\TestRunner.php(99): PHPUnit\Framework\TestCase-&gt;runBare()
#69 D:\Documentos\laboratorio soft\agricola-app\vendor\phpunit\phpunit\src\Framework\TestCase.php(361): PHPUnit\Framework\TestRunner-&gt;run()
#70 D:\Documentos\laboratorio soft\agricola-app\vendor\phpunit\phpunit\src\Framework\TestSuite.php(374): PHPUnit\Framework\TestCase-&gt;run()
#71 D:\Documentos\laboratorio soft\agricola-app\vendor\phpunit\phpunit\src\Framework\TestSuite.php(374): PHPUnit\Framework\TestSuite-&gt;run()
#72 D:\Documentos\laboratorio soft\agricola-app\vendor\phpunit\phpunit\src\Framework\TestSuite.php(374): PHPUnit\Framework\TestSuite-&gt;run()
#73 D:\Documentos\laboratorio soft\agricola-app\vendor\phpunit\phpunit\src\TextUI\TestRunner.php(64): PHPUnit\Framework\TestSuite-&gt;run()
#74 D:\Documentos\laboratorio soft\agricola-app\vendor\phpunit\phpunit\src\TextUI\Application.php(229): PHPUnit\TextUI\TestRunner-&gt;run()
#75 D:\Documentos\laboratorio soft\agricola-app\vendor\phpunit\phpunit\phpunit(104): PHPUnit\TextUI\Application-&gt;run()
#76 D:\Documentos\laboratorio soft\agricola-app\vendor\bin\phpunit(122): include('...')
#77 {main}

----------------------------------------------------------------------------------

SQLSTATE[HY000]: General error: 1 no such table: productos_terminados (Connection: sqlite, Database: :memory:, SQL: select count(*) as aggregate from "productos_terminados" where "id" = 1)
&#13;
D:\Documentos\laboratorio soft\agricola-app\vendor\laravel\framework\src\Illuminate\Testing\TestResponseAssert.php:45
D:\Documentos\laboratorio soft\agricola-app\vendor\laravel\framework\src\Illuminate\Testing\TestResponse.php:201
D:\Documentos\laboratorio soft\agricola-app\tests\Feature\VentaDistribucionModuleTest.php:87</failure>
        </testcase>
        <testcase name="test_puede_eliminar_devolucion" file="D:\Documentos\laboratorio soft\agricola-app\tests\Feature\VentaDistribucionModuleTest.php" line="91" class="Tests\Feature\VentaDistribucionModuleTest" classname="Tests.Feature.VentaDistribucionModuleTest" assertions="3" time="0.034782">
          <failure type="PHPUnit\Framework\ExpectationFailedException">Tests\Feature\VentaDistribucionModuleTest::test_puede_eliminar_devolucion&#13;
Failed asserting that a row in the table [devoluciones] does not match the attributes {
    "id": 1
}.

Found similar results: [
    {
        "id": 1
    }
].
&#13;
D:\Documentos\laboratorio soft\agricola-app\vendor\laravel\framework\src\Illuminate\Foundation\Testing\Concerns\InteractsWithDatabase.php:95
D:\Documentos\laboratorio soft\agricola-app\tests\Feature\VentaDistribucionModuleTest.php:107</failure>
        </testcase>
        <testcase name="test_valida_campos_requeridos_devolucion" file="D:\Documentos\laboratorio soft\agricola-app\tests\Feature\VentaDistribucionModuleTest.php" line="110" class="Tests\Feature\VentaDistribucionModuleTest" classname="Tests.Feature.VentaDistribucionModuleTest" assertions="6" time="0.117036"/>
        <testcase name="test_puede_ver_listado_de_rutas_entrega" file="D:\Documentos\laboratorio soft\agricola-app\tests\Feature\VentaDistribucionModuleTest.php" line="127" class="Tests\Feature\VentaDistribucionModuleTest" classname="Tests.Feature.VentaDistribucionModuleTest" assertions="2" time="0.034598">
          <failure type="PHPUnit\Framework\ExpectationFailedException">Tests\Feature\VentaDistribucionModuleTest::test_puede_ver_listado_de_rutas_entrega&#13;
Failed asserting that the data contains the key [rutas].
Failed asserting that false is true.
&#13;
D:\Documentos\laboratorio soft\agricola-app\vendor\laravel\framework\src\Illuminate\Testing\TestResponseAssert.php:45
D:\Documentos\laboratorio soft\agricola-app\vendor\laravel\framework\src\Illuminate\Testing\TestResponse.php:1327
D:\Documentos\laboratorio soft\agricola-app\tests\Feature\VentaDistribucionModuleTest.php:141</failure>
        </testcase>
        <testcase name="test_puede_crear_ruta_entrega" file="D:\Documentos\laboratorio soft\agricola-app\tests\Feature\VentaDistribucionModuleTest.php" line="144" class="Tests\Feature\VentaDistribucionModuleTest" classname="Tests.Feature.VentaDistribucionModuleTest" assertions="3" time="0.030355"/>
        <testcase name="test_puede_actualizar_ruta_entrega" file="D:\Documentos\laboratorio soft\agricola-app\tests\Feature\VentaDistribucionModuleTest.php" line="163" class="Tests\Feature\VentaDistribucionModuleTest" classname="Tests.Feature.VentaDistribucionModuleTest" assertions="3" time="0.049744">
          <failure type="PHPUnit\Framework\ExpectationFailedException">Tests\Feature\VentaDistribucionModuleTest::test_puede_actualizar_ruta_entrega&#13;
Failed asserting that two strings are equal.
--- Expected
+++ Actual
@@ @@
-'Dirección Actualizada'
+'Dirección Original'
&#13;
D:\Documentos\laboratorio soft\agricola-app\tests\Feature\VentaDistribucionModuleTest.php:182</failure>
        </testcase>
        <testcase name="test_puede_eliminar_ruta_entrega" file="D:\Documentos\laboratorio soft\agricola-app\tests\Feature\VentaDistribucionModuleTest.php" line="186" class="Tests\Feature\VentaDistribucionModuleTest" classname="Tests.Feature.VentaDistribucionModuleTest" assertions="3" time="0.032305">
          <failure type="PHPUnit\Framework\ExpectationFailedException">Tests\Feature\VentaDistribucionModuleTest::test_puede_eliminar_ruta_entrega&#13;
Failed asserting that a row in the table [ruta_entregas] does not match the attributes {
    "id": 1
}.

Found similar results: [
    {
        "id": 1
    }
].
&#13;
D:\Documentos\laboratorio soft\agricola-app\vendor\laravel\framework\src\Illuminate\Foundation\Testing\Concerns\InteractsWithDatabase.php:95
D:\Documentos\laboratorio soft\agricola-app\tests\Feature\VentaDistribucionModuleTest.php:200</failure>
        </testcase>
        <testcase name="test_valida_campos_requeridos_ruta_entrega" file="D:\Documentos\laboratorio soft\agricola-app\tests\Feature\VentaDistribucionModuleTest.php" line="203" class="Tests\Feature\VentaDistribucionModuleTest" classname="Tests.Feature.VentaDistribucionModuleTest" assertions="5" time="0.026205"/>
        <testcase name="test_puede_ver_listado_de_transportes" file="D:\Documentos\laboratorio soft\agricola-app\tests\Feature\VentaDistribucionModuleTest.php" line="219" class="Tests\Feature\VentaDistribucionModuleTest" classname="Tests.Feature.VentaDistribucionModuleTest" assertions="2" time="0.035010"/>
        <testcase name="test_puede_crear_transporte" file="D:\Documentos\laboratorio soft\agricola-app\tests\Feature\VentaDistribucionModuleTest.php" line="229" class="Tests\Feature\VentaDistribucionModuleTest" classname="Tests.Feature.VentaDistribucionModuleTest" assertions="3" time="0.025961"/>
        <testcase name="test_puede_actualizar_transporte" file="D:\Documentos\laboratorio soft\agricola-app\tests\Feature\VentaDistribucionModuleTest.php" line="244" class="Tests\Feature\VentaDistribucionModuleTest" classname="Tests.Feature.VentaDistribucionModuleTest" assertions="3" time="0.029723"/>
        <testcase name="test_no_puede_eliminar_transporte_con_pedidos_asociados" file="D:\Documentos\laboratorio soft\agricola-app\tests\Feature\VentaDistribucionModuleTest.php" line="260" class="Tests\Feature\VentaDistribucionModuleTest" classname="Tests.Feature.VentaDistribucionModuleTest" assertions="2" time="0.031598"/>
        <testcase name="test_puede_eliminar_transporte_sin_pedidos" file="D:\Documentos\laboratorio soft\agricola-app\tests\Feature\VentaDistribucionModuleTest.php" line="272" class="Tests\Feature\VentaDistribucionModuleTest" classname="Tests.Feature.VentaDistribucionModuleTest" assertions="3" time="0.026738"/>
        <testcase name="test_valida_placa_unica_en_transporte" file="D:\Documentos\laboratorio soft\agricola-app\tests\Feature\VentaDistribucionModuleTest.php" line="282" class="Tests\Feature\VentaDistribucionModuleTest" classname="Tests.Feature.VentaDistribucionModuleTest" assertions="2" time="0.027644"/>
        <testcase name="test_puede_ver_listado_de_pagos" file="D:\Documentos\laboratorio soft\agricola-app\tests\Feature\VentaDistribucionModuleTest.php" line="299" class="Tests\Feature\VentaDistribucionModuleTest" classname="Tests.Feature.VentaDistribucionModuleTest" assertions="2" time="0.032995"/>
        <testcase name="test_puede_crear_pago" file="D:\Documentos\laboratorio soft\agricola-app\tests\Feature\VentaDistribucionModuleTest.php" line="314" class="Tests\Feature\VentaDistribucionModuleTest" classname="Tests.Feature.VentaDistribucionModuleTest" assertions="3" time="0.032263"/>
        <testcase name="test_no_puede_exceder_saldo_pendiente_de_factura" file="D:\Documentos\laboratorio soft\agricola-app\tests\Feature\VentaDistribucionModuleTest.php" line="337" class="Tests\Feature\VentaDistribucionModuleTest" classname="Tests.Feature.VentaDistribucionModuleTest" assertions="2" time="0.031573"/>
        <testcase name="test_puede_actualizar_pago" file="D:\Documentos\laboratorio soft\agricola-app\tests\Feature\VentaDistribucionModuleTest.php" line="357" class="Tests\Feature\VentaDistribucionModuleTest" classname="Tests.Feature.VentaDistribucionModuleTest" assertions="3" time="0.041929"/>
        <testcase name="test_puede_eliminar_pago" file="D:\Documentos\laboratorio soft\agricola-app\tests\Feature\VentaDistribucionModuleTest.php" line="379" class="Tests\Feature\VentaDistribucionModuleTest" classname="Tests.Feature.VentaDistribucionModuleTest" assertions="3" time="0.029986"/>
        <testcase name="test_puede_crear_factura_desde_controlador" file="D:\Documentos\laboratorio soft\agricola-app\tests\Feature\VentaDistribucionModuleTest.php" line="396" class="Tests\Feature\VentaDistribucionModuleTest" classname="Tests.Feature.VentaDistribucionModuleTest" assertions="3" time="0.033244"/>
        <testcase name="test_no_puede_crear_factura_con_pedido_ya_facturado" file="D:\Documentos\laboratorio soft\agricola-app\tests\Feature\VentaDistribucionModuleTest.php" line="416" class="Tests\Feature\VentaDistribucionModuleTest" classname="Tests.Feature.VentaDistribucionModuleTest" assertions="2" time="0.027804"/>
        <testcase name="test_no_puede_eliminar_factura_con_pagos_asociados" file="D:\Documentos\laboratorio soft\agricola-app\tests\Feature\VentaDistribucionModuleTest.php" line="435" class="Tests\Feature\VentaDistribucionModuleTest" classname="Tests.Feature.VentaDistribucionModuleTest" assertions="2" time="0.028032"/>
        <testcase name="test_puede_ver_pagina_de_productos" file="D:\Documentos\laboratorio soft\agricola-app\tests\Feature\VentaDistribucionModuleTest.php" line="452" class="Tests\Feature\VentaDistribucionModuleTest" classname="Tests.Feature.VentaDistribucionModuleTest" assertions="2" time="0.028833"/>
        <testcase name="test_producto_muestra_inventario_en_listado" file="D:\Documentos\laboratorio soft\agricola-app\tests\Feature\VentaDistribucionModuleTest.php" line="462" class="Tests\Feature\VentaDistribucionModuleTest" classname="Tests.Feature.VentaDistribucionModuleTest" assertions="1" time="0.029216"/>
        <testcase name="test_pedido_puede_crearse_con_productos_y_cantidades" file="D:\Documentos\laboratorio soft\agricola-app\tests\Feature\VentaDistribucionModuleTest.php" line="478" class="Tests\Feature\VentaDistribucionModuleTest" classname="Tests.Feature.VentaDistribucionModuleTest" assertions="3" time="0.030182"/>
      </testsuite>
    </testsuite>
  </testsuite>
</testsuites>
